{"numFailedTestSuites":9,"numFailedTests":52,"numPassedTestSuites":18,"numPassedTests":422,"numPendingTestSuites":0,"numPendingTests":0,"numRuntimeErrorTestSuites":0,"numTodoTests":0,"numTotalTestSuites":27,"numTotalTests":474,"openHandles":[],"snapshot":{"added":0,"didUpdate":false,"failure":false,"filesAdded":0,"filesRemoved":0,"filesRemovedList":[],"filesUnmatched":0,"filesUpdated":0,"matched":0,"total":0,"unchecked":0,"uncheckedKeysByFile":[],"unmatched":0,"updated":0},"startTime":1782998549518,"success":false,"testResults":[{"assertionResults":[{"ancestorTitles":["Multi-Currency Comprehensive Payout & Financial Tests"],"duration":164,"failing":false,"failureDetails":[{}],"failureMessages":["TypeError: Cannot read properties of undefined (reading 'currency')\n    at Object.currency (/Users/owner/Desktop/trend-drop/server/tests/multiCurrencyPayout.test.js:104:31)\n    at processTicksAndRejections (node:internal/process/task_queues:105:5)"],"fullName":"Multi-Currency Comprehensive Payout & Financial Tests 1a. Should create listings in all 5 currencies","invocations":1,"location":null,"numPassingAsserts":1,"retryReasons":[],"startAt":1782998555524,"status":"failed","title":"1a. Should create listings in all 5 currencies"},{"ancestorTitles":["Multi-Currency Comprehensive Payout & Financial Tests"],"duration":4,"failing":false,"failureDetails":[],"failureMessages":[],"fullName":"Multi-Currency Comprehensive Payout & Financial Tests 2a. Platform fee is always 8% across all currencies","invocations":1,"location":null,"numPassingAsserts":6,"retryReasons":[],"startAt":1782998555689,"status":"passed","title":"2a. Platform fee is always 8% across all currencies"},{"ancestorTitles":["Multi-Currency Comprehensive Payout & Financial Tests"],"duration":29,"failing":false,"failureDetails":[],"failureMessages":[],"fullName":"Multi-Currency Comprehensive Payout & Financial Tests 2b. Payment breakdown calculation is correct for each currency","invocations":1,"location":null,"numPassingAsserts":20,"retryReasons":[],"startAt":1782998555693,"status":"passed","title":"2b. Payment breakdown calculation is correct for each currency"},{"ancestorTitles":["Multi-Currency Comprehensive Payout & Financial Tests"],"duration":113,"failing":false,"failureDetails":[{}],"failureMessages":["TypeError: Cannot read properties of undefined (reading '_id')\n    at Object._id (/Users/owner/Desktop/trend-drop/server/tests/multiCurrencyPayout.test.js:142:81)\n    at processTicksAndRejections (node:internal/process/task_queues:105:5)"],"fullName":"Multi-Currency Comprehensive Payout & Financial Tests 3a. Bundle discounts apply correctly in multi-currency cart","invocations":1,"location":null,"numPassingAsserts":1,"retryReasons":[],"startAt":1782998555722,"status":"failed","title":"3a. Bundle discounts apply correctly in multi-currency cart"},{"ancestorTitles":["Multi-Currency Comprehensive Payout & Financial Tests"],"duration":285,"failing":false,"failureDetails":[{"matcherResult":{"actual":400,"expected":200,"message":"\u001b[2mexpect(\u001b[22m\u001b[31mreceived\u001b[39m\u001b[2m).\u001b[22mtoBe\u001b[2m(\u001b[22m\u001b[32mexpected\u001b[39m\u001b[2m) // Object.is equality\u001b[22m\n\nExpected: \u001b[32m200\u001b[39m\nReceived: \u001b[31m400\u001b[39m","name":"toBe","pass":false}}],"failureMessages":["Error: \u001b[2mexpect(\u001b[22m\u001b[31mreceived\u001b[39m\u001b[2m).\u001b[22mtoBe\u001b[2m(\u001b[22m\u001b[32mexpected\u001b[39m\u001b[2m) // Object.is equality\u001b[22m\n\nExpected: \u001b[32m200\u001b[39m\nReceived: \u001b[31m400\u001b[39m\n    at Object.toBe (/Users/owner/Desktop/trend-drop/server/tests/multiCurrencyPayout.test.js:158:32)\n    at processTicksAndRejections (node:internal/process/task_queues:105:5)"],"fullName":"Multi-Currency Comprehensive Payout & Financial Tests 4a. Promo codes can be created and validated","invocations":1,"location":null,"numPassingAsserts":1,"retryReasons":[],"startAt":1782998555835,"status":"failed","title":"4a. Promo codes can be created and validated"},{"ancestorTitles":["Multi-Currency Comprehensive Payout & Financial Tests"],"duration":1,"failing":false,"failureDetails":[{}],"failureMessages":["TypeError: Cannot read properties of undefined (reading '_id')\n    at Object._id (/Users/owner/Desktop/trend-drop/server/tests/multiCurrencyPayout.test.js:166:48)\n    at Promise.finally.completed (/Users/owner/Desktop/trend-drop/server/node_modules/jest-circus/build/jestAdapterInit.js:1561:28)\n    at new Promise (<anonymous>)\n    at callAsyncCircusFn (/Users/owner/Desktop/trend-drop/server/node_modules/jest-circus/build/jestAdapterInit.js:1501:10)\n    at _callCircusTest (/Users/owner/Desktop/trend-drop/server/node_modules/jest-circus/build/jestAdapterInit.js:1011:40)\n    at processTicksAndRejections (node:internal/process/task_queues:105:5)\n    at _runTest (/Users/owner/Desktop/trend-drop/server/node_modules/jest-circus/build/jestAdapterInit.js:951:3)\n    at /Users/owner/Desktop/trend-drop/server/node_modules/jest-circus/build/jestAdapterInit.js:853:7\n    at _runTestsForDescribeBlock (/Users/owner/Desktop/trend-drop/server/node_modules/jest-circus/build/jestAdapterInit.js:866:11)\n    at _runTestsForDescribeBlock (/Users/owner/Desktop/trend-drop/server/node_modules/jest-circus/build/jestAdapterInit.js:861:11)\n    at run (/Users/owner/Desktop/trend-drop/server/node_modules/jest-circus/build/jestAdapterInit.js:765:3)\n    at runAndTransformResultsToJestFormat (/Users/owner/Desktop/trend-drop/server/node_modules/jest-circus/build/jestAdapterInit.js:1993:21)\n    at jestAdapter (/Users/owner/Desktop/trend-drop/server/node_modules/jest-circus/build/runner.js:111:19)\n    at runTestInternal (/Users/owner/Desktop/trend-drop/server/node_modules/jest-runner/build/testWorker.js:276:16)\n    at runTest (/Users/owner/Desktop/trend-drop/server/node_modules/jest-runner/build/testWorker.js:344:7)\n    at Object.worker (/Users/owner/Desktop/trend-drop/server/node_modules/jest-runner/build/testWorker.js:498:12)"],"fullName":"Multi-Currency Comprehensive Payout & Financial Tests 5a. Batch checkout creates payment intent with correct totals","invocations":1,"location":null,"numPassingAsserts":0,"retryReasons":[],"startAt":1782998556120,"status":"failed","title":"5a. Batch checkout creates payment intent with correct totals"},{"ancestorTitles":["Multi-Currency Comprehensive Payout & Financial Tests"],"duration":1,"failing":false,"failureDetails":[{}],"failureMessages":["TypeError: Cannot read properties of undefined (reading '_id')\n    at Object._id (/Users/owner/Desktop/trend-drop/server/tests/multiCurrencyPayout.test.js:176:38)\n    at Promise.finally.completed (/Users/owner/Desktop/trend-drop/server/node_modules/jest-circus/build/jestAdapterInit.js:1561:28)\n    at new Promise (<anonymous>)\n    at callAsyncCircusFn (/Users/owner/Desktop/trend-drop/server/node_modules/jest-circus/build/jestAdapterInit.js:1501:10)\n    at _callCircusTest (/Users/owner/Desktop/trend-drop/server/node_modules/jest-circus/build/jestAdapterInit.js:1011:40)\n    at processTicksAndRejections (node:internal/process/task_queues:105:5)\n    at _runTest (/Users/owner/Desktop/trend-drop/server/node_modules/jest-circus/build/jestAdapterInit.js:951:3)\n    at /Users/owner/Desktop/trend-drop/server/node_modules/jest-circus/build/jestAdapterInit.js:853:7\n    at _runTestsForDescribeBlock (/Users/owner/Desktop/trend-drop/server/node_modules/jest-circus/build/jestAdapterInit.js:866:11)\n    at _runTestsForDescribeBlock (/Users/owner/Desktop/trend-drop/server/node_modules/jest-circus/build/jestAdapterInit.js:861:11)\n    at run (/Users/owner/Desktop/trend-drop/server/node_modules/jest-circus/build/jestAdapterInit.js:765:3)\n    at runAndTransformResultsToJestFormat (/Users/owner/Desktop/trend-drop/server/node_modules/jest-circus/build/jestAdapterInit.js:1993:21)\n    at jestAdapter (/Users/owner/Desktop/trend-drop/server/node_modules/jest-circus/build/runner.js:111:19)\n    at runTestInternal (/Users/owner/Desktop/trend-drop/server/node_modules/jest-runner/build/testWorker.js:276:16)\n    at runTest (/Users/owner/Desktop/trend-drop/server/node_modules/jest-runner/build/testWorker.js:344:7)\n    at Object.worker (/Users/owner/Desktop/trend-drop/server/node_modules/jest-runner/build/testWorker.js:498:12)"],"fullName":"Multi-Currency Comprehensive Payout & Financial Tests 6a. Seller gets paid only after delivery + confirmation + completion","invocations":1,"location":null,"numPassingAsserts":0,"retryReasons":[],"startAt":1782998556122,"status":"failed","title":"6a. Seller gets paid only after delivery + confirmation + completion"},{"ancestorTitles":["Multi-Currency Comprehensive Payout & Financial Tests"],"duration":1,"failing":false,"failureDetails":[{}],"failureMessages":["TypeError: Cannot read properties of undefined (reading '_id')\n    at Object._id (/Users/owner/Desktop/trend-drop/server/tests/multiCurrencyPayout.test.js:212:39)\n    at Promise.finally.completed (/Users/owner/Desktop/trend-drop/server/node_modules/jest-circus/build/jestAdapterInit.js:1561:28)\n    at new Promise (<anonymous>)\n    at callAsyncCircusFn (/Users/owner/Desktop/trend-drop/server/node_modules/jest-circus/build/jestAdapterInit.js:1501:10)\n    at _callCircusTest (/Users/owner/Desktop/trend-drop/server/node_modules/jest-circus/build/jestAdapterInit.js:1011:40)\n    at processTicksAndRejections (node:internal/process/task_queues:105:5)\n    at _runTest (/Users/owner/Desktop/trend-drop/server/node_modules/jest-circus/build/jestAdapterInit.js:951:3)\n    at /Users/owner/Desktop/trend-drop/server/node_modules/jest-circus/build/jestAdapterInit.js:853:7\n    at _runTestsForDescribeBlock (/Users/owner/Desktop/trend-drop/server/node_modules/jest-circus/build/jestAdapterInit.js:866:11)\n    at _runTestsForDescribeBlock (/Users/owner/Desktop/trend-drop/server/node_modules/jest-circus/build/jestAdapterInit.js:861:11)\n    at run (/Users/owner/Desktop/trend-drop/server/node_modules/jest-circus/build/jestAdapterInit.js:765:3)\n    at runAndTransformResultsToJestFormat (/Users/owner/Desktop/trend-drop/server/node_modules/jest-circus/build/jestAdapterInit.js:1993:21)\n    at jestAdapter (/Users/owner/Desktop/trend-drop/server/node_modules/jest-circus/build/runner.js:111:19)\n    at runTestInternal (/Users/owner/Desktop/trend-drop/server/node_modules/jest-runner/build/testWorker.js:276:16)\n    at runTest (/Users/owner/Desktop/trend-drop/server/node_modules/jest-runner/build/testWorker.js:344:7)\n    at Object.worker (/Users/owner/Desktop/trend-drop/server/node_modules/jest-runner/build/testWorker.js:498:12)"],"fullName":"Multi-Currency Comprehensive Payout & Financial Tests 7a. Return order: buyer gets full refund, seller earnings deducted","invocations":1,"location":null,"numPassingAsserts":0,"retryReasons":[],"startAt":1782998556123,"status":"failed","title":"7a. Return order: buyer gets full refund, seller earnings deducted"},{"ancestorTitles":["Multi-Currency Comprehensive Payout & Financial Tests"],"duration":4,"failing":false,"failureDetails":[{"matcherResult":{"message":"\u001b[2mexpect(\u001b[22m\u001b[31mreceived\u001b[39m\u001b[2m).\u001b[22mtoBeCloseTo\u001b[2m(\u001b[22m\u001b[32mexpected\u001b[39m\u001b[2m, \u001b[22mprecision\u001b[2m)\u001b[22m\n\nExpected: \u001b[32m108.99\u001b[39m\nReceived: \u001b[31m105\u001b[39m\n\nExpected precision:    1\nExpected difference: < \u001b[32m0.05\u001b[39m\nReceived difference:   \u001b[31m3.989999999999995\u001b[39m","pass":false}}],"failureMessages":["Error: \u001b[2mexpect(\u001b[22m\u001b[31mreceived\u001b[39m\u001b[2m).\u001b[22mtoBeCloseTo\u001b[2m(\u001b[22m\u001b[32mexpected\u001b[39m\u001b[2m, \u001b[22mprecision\u001b[2m)\u001b[22m\n\nExpected: \u001b[32m108.99\u001b[39m\nReceived: \u001b[31m105\u001b[39m\n\nExpected precision:    1\nExpected difference: < \u001b[32m0.05\u001b[39m\nReceived difference:   \u001b[31m3.989999999999995\u001b[39m\n    at Object.toBeCloseTo (/Users/owner/Desktop/trend-drop/server/tests/multiCurrencyPayout.test.js:252:38)\n    at processTicksAndRejections (node:internal/process/task_queues:105:5)"],"fullName":"Multi-Currency Comprehensive Payout & Financial Tests 8a. Platform fee is exactly 8% of item price","invocations":1,"location":null,"numPassingAsserts":3,"retryReasons":[],"startAt":1782998556124,"status":"failed","title":"8a. Platform fee is exactly 8% of item price"},{"ancestorTitles":["Multi-Currency Comprehensive Payout & Financial Tests"],"duration":159,"failing":false,"failureDetails":[{}],"failureMessages":["TypeError: Cannot read properties of undefined (reading '_id')\n    at Object._id (/Users/owner/Desktop/trend-drop/server/tests/multiCurrencyPayout.test.js:276:41)\n    at processTicksAndRejections (node:internal/process/task_queues:105:5)"],"fullName":"Multi-Currency Comprehensive Payout & Financial Tests 9a. Boost fee is deducted from seller earnings","invocations":1,"location":null,"numPassingAsserts":1,"retryReasons":[],"startAt":1782998556128,"status":"failed","title":"9a. Boost fee is deducted from seller earnings"},{"ancestorTitles":["Multi-Currency Comprehensive Payout & Financial Tests"],"duration":162,"failing":false,"failureDetails":[],"failureMessages":[],"fullName":"Multi-Currency Comprehensive Payout & Financial Tests 10a. Platform always gets 8% commission (capped at $500)","invocations":1,"location":null,"numPassingAsserts":4,"retryReasons":[],"startAt":1782998556287,"status":"passed","title":"10a. Platform always gets 8% commission (capped at $500)"},{"ancestorTitles":["Multi-Currency Comprehensive Payout & Financial Tests"],"duration":308,"failing":false,"failureDetails":[{}],"failureMessages":["TypeError: Cannot read properties of undefined (reading '_id')\n    at Object._id (/Users/owner/Desktop/trend-drop/server/tests/multiCurrencyPayout.test.js:345:48)\n    at processTicksAndRejections (node:internal/process/task_queues:105:5)"],"fullName":"Multi-Currency Comprehensive Payout & Financial Tests 11a. Multi-seller batch: each seller gets correct portion","invocations":1,"location":null,"numPassingAsserts":1,"retryReasons":[],"startAt":1782998556449,"status":"failed","title":"11a. Multi-seller batch: each seller gets correct portion"}],"endTime":1782998556987,"message":"\u001b[1m\u001b[31m  \u001b[1m● \u001b[22m\u001b[1mMulti-Currency Comprehensive Payout & Financial Tests › 1a. Should create listings in all 5 currencies\u001b[39m\u001b[22m\n\n    TypeError: Cannot read properties of undefined (reading 'currency')\n\u001b[2m\u001b[22m\n\u001b[2m    \u001b[0m \u001b[90m 102 |\u001b[39m         \u001b[33m.\u001b[39mfield(\u001b[32m'quantity'\u001b[39m\u001b[33m,\u001b[39m \u001b[35m5\u001b[39m)\u001b[33m;\u001b[39m\u001b[22m\n\u001b[2m     \u001b[90m 103 |\u001b[39m       expect(res\u001b[33m.\u001b[39mstatus)\u001b[33m.\u001b[39mtoBe(\u001b[35m201\u001b[39m)\u001b[33m;\u001b[39m\u001b[22m\n\u001b[2m    \u001b[31m\u001b[1m>\u001b[22m\u001b[2m\u001b[39m\u001b[90m 104 |\u001b[39m       expect(res\u001b[33m.\u001b[39mbody\u001b[33m.\u001b[39mlisting\u001b[33m.\u001b[39mcurrency)\u001b[33m.\u001b[39mtoBe(currency)\u001b[33m;\u001b[39m\u001b[22m\n\u001b[2m     \u001b[90m     |\u001b[39m                               \u001b[31m\u001b[1m^\u001b[22m\u001b[2m\u001b[39m\u001b[22m\n\u001b[2m     \u001b[90m 105 |\u001b[39m     }\u001b[22m\n\u001b[2m     \u001b[90m 106 |\u001b[39m   })\u001b[33m;\u001b[39m\u001b[22m\n\u001b[2m     \u001b[90m 107 |\u001b[39m\u001b[0m\u001b[22m\n\u001b[2m\u001b[22m\n\u001b[2m      \u001b[2mat Object.currency (\u001b[22m\u001b[2m\u001b[0m\u001b[36mtests/multiCurrencyPayout.test.js\u001b[39m\u001b[0m\u001b[2m:104:31)\u001b[22m\u001b[2m\u001b[22m\n\n\u001b[1m\u001b[31m  \u001b[1m● \u001b[22m\u001b[1mMulti-Currency Comprehensive Payout & Financial Tests › 3a. Bundle discounts apply correctly in multi-currency cart\u001b[39m\u001b[22m\n\n    TypeError: Cannot read properties of undefined (reading '_id')\n\u001b[2m\u001b[22m\n\u001b[2m    \u001b[0m \u001b[90m 140 |\u001b[39m       \u001b[33m.\u001b[39mpost(\u001b[32m'/api/offers/bundle/apply'\u001b[39m)\u001b[22m\n\u001b[2m     \u001b[90m 141 |\u001b[39m       \u001b[33m.\u001b[39m\u001b[36mset\u001b[39m(\u001b[32m'Authorization'\u001b[39m\u001b[33m,\u001b[39m \u001b[32m`Bearer ${buyerToken}`\u001b[39m)\u001b[22m\n\u001b[2m    \u001b[31m\u001b[1m>\u001b[22m\u001b[2m\u001b[39m\u001b[90m 142 |\u001b[39m       \u001b[33m.\u001b[39msend({ sellerId\u001b[33m:\u001b[39m seller\u001b[33m.\u001b[39m_id\u001b[33m.\u001b[39mtoString()\u001b[33m,\u001b[39m items\u001b[33m:\u001b[39m [{ listingId\u001b[33m:\u001b[39m testListing\u001b[33m.\u001b[39m_id\u001b[33m,\u001b[39m price\u001b[33m:\u001b[39m \u001b[35m100\u001b[39m }\u001b[33m,\u001b[39m { listingId\u001b[33m:\u001b[39m testListing2\u001b[33m.\u001b[39m_id\u001b[33m,\u001b[39m price\u001b[33m:\u001b[39m \u001b[35m100\u001b[39m }] })\u001b[33m;\u001b[39m\u001b[22m\n\u001b[2m     \u001b[90m     |\u001b[39m                                                                                 \u001b[31m\u001b[1m^\u001b[22m\u001b[2m\u001b[39m\u001b[22m\n\u001b[2m     \u001b[90m 143 |\u001b[39m     expect(applyRes\u001b[33m.\u001b[39mstatus)\u001b[33m.\u001b[39mtoBe(\u001b[35m200\u001b[39m)\u001b[33m;\u001b[39m\u001b[22m\n\u001b[2m     \u001b[90m 144 |\u001b[39m     expect(applyRes\u001b[33m.\u001b[39mbody\u001b[33m.\u001b[39mdiscount)\u001b[33m.\u001b[39mtoBeGreaterThan(\u001b[35m0\u001b[39m)\u001b[33m;\u001b[39m\u001b[22m\n\u001b[2m     \u001b[90m 145 |\u001b[39m   })\u001b[33m;\u001b[39m\u001b[0m\u001b[22m\n\u001b[2m\u001b[22m\n\u001b[2m      \u001b[2mat Object._id (\u001b[22m\u001b[2m\u001b[0m\u001b[36mtests/multiCurrencyPayout.test.js\u001b[39m\u001b[0m\u001b[2m:142:81)\u001b[22m\u001b[2m\u001b[22m\n\n\u001b[1m\u001b[31m  \u001b[1m● \u001b[22m\u001b[1mMulti-Currency Comprehensive Payout & Financial Tests › 4a. Promo codes can be created and validated\u001b[39m\u001b[22m\n\n    \u001b[2mexpect(\u001b[22m\u001b[31mreceived\u001b[39m\u001b[2m).\u001b[22mtoBe\u001b[2m(\u001b[22m\u001b[32mexpected\u001b[39m\u001b[2m) // Object.is equality\u001b[22m\n\n    Expected: \u001b[32m200\u001b[39m\n    Received: \u001b[31m400\u001b[39m\n\u001b[2m\u001b[22m\n\u001b[2m    \u001b[0m \u001b[90m 156 |\u001b[39m       \u001b[33m.\u001b[39m\u001b[36mset\u001b[39m(\u001b[32m'Authorization'\u001b[39m\u001b[33m,\u001b[39m \u001b[32m`Bearer ${buyerToken}`\u001b[39m)\u001b[22m\n\u001b[2m     \u001b[90m 157 |\u001b[39m       \u001b[33m.\u001b[39msend({ code\u001b[33m:\u001b[39m \u001b[32m'SAVE20'\u001b[39m\u001b[33m,\u001b[39m totalAmount\u001b[33m:\u001b[39m \u001b[35m200\u001b[39m })\u001b[33m;\u001b[39m\u001b[22m\n\u001b[2m    \u001b[31m\u001b[1m>\u001b[22m\u001b[2m\u001b[39m\u001b[90m 158 |\u001b[39m     expect(validateRes\u001b[33m.\u001b[39mstatus)\u001b[33m.\u001b[39mtoBe(\u001b[35m200\u001b[39m)\u001b[33m;\u001b[39m\u001b[22m\n\u001b[2m     \u001b[90m     |\u001b[39m                                \u001b[31m\u001b[1m^\u001b[22m\u001b[2m\u001b[39m\u001b[22m\n\u001b[2m     \u001b[90m 159 |\u001b[39m     expect(validateRes\u001b[33m.\u001b[39mbody\u001b[33m.\u001b[39mvalid)\u001b[33m.\u001b[39mtoBe(\u001b[36mtrue\u001b[39m)\u001b[33m;\u001b[39m\u001b[22m\n\u001b[2m     \u001b[90m 160 |\u001b[39m   })\u001b[33m;\u001b[39m\u001b[22m\n\u001b[2m     \u001b[90m 161 |\u001b[39m\u001b[0m\u001b[22m\n\u001b[2m\u001b[22m\n\u001b[2m      \u001b[2mat Object.toBe (\u001b[22m\u001b[2m\u001b[0m\u001b[36mtests/multiCurrencyPayout.test.js\u001b[39m\u001b[0m\u001b[2m:158:32)\u001b[22m\u001b[2m\u001b[22m\n\n\u001b[1m\u001b[31m  \u001b[1m● \u001b[22m\u001b[1mMulti-Currency Comprehensive Payout & Financial Tests › 5a. Batch checkout creates payment intent with correct totals\u001b[39m\u001b[22m\n\n    TypeError: Cannot read properties of undefined (reading '_id')\n\u001b[2m\u001b[22m\n\u001b[2m    \u001b[0m \u001b[90m 164 |\u001b[39m       \u001b[33m.\u001b[39mpost(\u001b[32m'/api/transactions/batch'\u001b[39m)\u001b[22m\n\u001b[2m     \u001b[90m 165 |\u001b[39m       \u001b[33m.\u001b[39m\u001b[36mset\u001b[39m(\u001b[32m'Authorization'\u001b[39m\u001b[33m,\u001b[39m \u001b[32m`Bearer ${buyerToken}`\u001b[39m)\u001b[22m\n\u001b[2m    \u001b[31m\u001b[1m>\u001b[22m\u001b[2m\u001b[39m\u001b[90m 166 |\u001b[39m       \u001b[33m.\u001b[39msend({ items\u001b[33m:\u001b[39m [{ listingId\u001b[33m:\u001b[39m testListing\u001b[33m.\u001b[39m_id\u001b[33m,\u001b[39m quantity\u001b[33m:\u001b[39m \u001b[35m1\u001b[39m }\u001b[33m,\u001b[39m { listingId\u001b[33m:\u001b[39m testListing2\u001b[33m.\u001b[39m_id\u001b[33m,\u001b[39m quantity\u001b[33m:\u001b[39m \u001b[35m1\u001b[39m }]\u001b[33m,\u001b[39m buyerCountry\u001b[33m:\u001b[39m \u001b[32m'US'\u001b[39m })\u001b[33m;\u001b[39m\u001b[22m\n\u001b[2m     \u001b[90m     |\u001b[39m                                                \u001b[31m\u001b[1m^\u001b[22m\u001b[2m\u001b[39m\u001b[22m\n\u001b[2m     \u001b[90m 167 |\u001b[39m     expect(res\u001b[33m.\u001b[39mstatus)\u001b[33m.\u001b[39mtoBe(\u001b[35m200\u001b[39m)\u001b[33m;\u001b[39m\u001b[22m\n\u001b[2m     \u001b[90m 168 |\u001b[39m     expect(res\u001b[33m.\u001b[39mbody\u001b[33m.\u001b[39mpaymentIntentId)\u001b[33m.\u001b[39mtoBeDefined()\u001b[33m;\u001b[39m\u001b[22m\n\u001b[2m     \u001b[90m 169 |\u001b[39m     expect(res\u001b[33m.\u001b[39mbody\u001b[33m.\u001b[39mtotalAmount)\u001b[33m.\u001b[39mtoBeGreaterThan(\u001b[35m0\u001b[39m)\u001b[33m;\u001b[39m\u001b[0m\u001b[22m\n\u001b[2m\u001b[22m\n\u001b[2m      \u001b[2mat Object._id (\u001b[22m\u001b[2m\u001b[0m\u001b[36mtests/multiCurrencyPayout.test.js\u001b[39m\u001b[0m\u001b[2m:166:48)\u001b[22m\u001b[2m\u001b[22m\n\n\u001b[1m\u001b[31m  \u001b[1m● \u001b[22m\u001b[1mMulti-Currency Comprehensive Payout & Financial Tests › 6a. Seller gets paid only after delivery + confirmation + completion\u001b[39m\u001b[22m\n\n    TypeError: Cannot read properties of undefined (reading '_id')\n\u001b[2m\u001b[22m\n\u001b[2m    \u001b[0m \u001b[90m 174 |\u001b[39m       \u001b[33m.\u001b[39mpost(\u001b[32m'/api/transactions'\u001b[39m)\u001b[22m\n\u001b[2m     \u001b[90m 175 |\u001b[39m       \u001b[33m.\u001b[39m\u001b[36mset\u001b[39m(\u001b[32m'Authorization'\u001b[39m\u001b[33m,\u001b[39m \u001b[32m`Bearer ${buyerToken}`\u001b[39m)\u001b[22m\n\u001b[2m    \u001b[31m\u001b[1m>\u001b[22m\u001b[2m\u001b[39m\u001b[90m 176 |\u001b[39m       \u001b[33m.\u001b[39msend({ listingId\u001b[33m:\u001b[39m testListing\u001b[33m.\u001b[39m_id\u001b[33m,\u001b[39m buyerCountry\u001b[33m:\u001b[39m \u001b[32m'US'\u001b[39m })\u001b[33m;\u001b[39m\u001b[22m\n\u001b[2m     \u001b[90m     |\u001b[39m                                      \u001b[31m\u001b[1m^\u001b[22m\u001b[2m\u001b[39m\u001b[22m\n\u001b[2m     \u001b[90m 177 |\u001b[39m     expect(txnRes\u001b[33m.\u001b[39mstatus)\u001b[33m.\u001b[39mtoBe(\u001b[35m201\u001b[39m)\u001b[33m;\u001b[39m\u001b[22m\n\u001b[2m     \u001b[90m 178 |\u001b[39m     \u001b[36mconst\u001b[39m txn \u001b[33m=\u001b[39m txnRes\u001b[33m.\u001b[39mbody\u001b[33m;\u001b[39m\u001b[22m\n\u001b[2m     \u001b[90m 179 |\u001b[39m     expect(txn\u001b[33m.\u001b[39mstatus)\u001b[33m.\u001b[39mtoBe(\u001b[32m'paid'\u001b[39m)\u001b[33m;\u001b[39m\u001b[0m\u001b[22m\n\u001b[2m\u001b[22m\n\u001b[2m      \u001b[2mat Object._id (\u001b[22m\u001b[2m\u001b[0m\u001b[36mtests/multiCurrencyPayout.test.js\u001b[39m\u001b[0m\u001b[2m:176:38)\u001b[22m\u001b[2m\u001b[22m\n\n\u001b[1m\u001b[31m  \u001b[1m● \u001b[22m\u001b[1mMulti-Currency Comprehensive Payout & Financial Tests › 7a. Return order: buyer gets full refund, seller earnings deducted\u001b[39m\u001b[22m\n\n    TypeError: Cannot read properties of undefined (reading '_id')\n\u001b[2m\u001b[22m\n\u001b[2m    \u001b[0m \u001b[90m 210 |\u001b[39m       \u001b[33m.\u001b[39mpost(\u001b[32m'/api/transactions'\u001b[39m)\u001b[22m\n\u001b[2m     \u001b[90m 211 |\u001b[39m       \u001b[33m.\u001b[39m\u001b[36mset\u001b[39m(\u001b[32m'Authorization'\u001b[39m\u001b[33m,\u001b[39m \u001b[32m`Bearer ${buyerToken}`\u001b[39m)\u001b[22m\n\u001b[2m    \u001b[31m\u001b[1m>\u001b[22m\u001b[2m\u001b[39m\u001b[90m 212 |\u001b[39m       \u001b[33m.\u001b[39msend({ listingId\u001b[33m:\u001b[39m testListing2\u001b[33m.\u001b[39m_id\u001b[33m,\u001b[39m buyerCountry\u001b[33m:\u001b[39m \u001b[32m'US'\u001b[39m })\u001b[33m;\u001b[39m\u001b[22m\n\u001b[2m     \u001b[90m     |\u001b[39m                                       \u001b[31m\u001b[1m^\u001b[22m\u001b[2m\u001b[39m\u001b[22m\n\u001b[2m     \u001b[90m 213 |\u001b[39m     expect(txnRes\u001b[33m.\u001b[39mstatus)\u001b[33m.\u001b[39mtoBe(\u001b[35m201\u001b[39m)\u001b[33m;\u001b[39m\u001b[22m\n\u001b[2m     \u001b[90m 214 |\u001b[39m     \u001b[36mconst\u001b[39m txn \u001b[33m=\u001b[39m txnRes\u001b[33m.\u001b[39mbody\u001b[33m;\u001b[39m\u001b[22m\n\u001b[2m     \u001b[90m 215 |\u001b[39m\u001b[0m\u001b[22m\n\u001b[2m\u001b[22m\n\u001b[2m      \u001b[2mat Object._id (\u001b[22m\u001b[2m\u001b[0m\u001b[36mtests/multiCurrencyPayout.test.js\u001b[39m\u001b[0m\u001b[2m:212:39)\u001b[22m\u001b[2m\u001b[22m\n\n\u001b[1m\u001b[31m  \u001b[1m● \u001b[22m\u001b[1mMulti-Currency Comprehensive Payout & Financial Tests › 8a. Platform fee is exactly 8% of item price\u001b[39m\u001b[22m\n\n    \u001b[2mexpect(\u001b[22m\u001b[31mreceived\u001b[39m\u001b[2m).\u001b[22mtoBeCloseTo\u001b[2m(\u001b[22m\u001b[32mexpected\u001b[39m\u001b[2m, \u001b[22mprecision\u001b[2m)\u001b[22m\n\n    Expected: \u001b[32m108.99\u001b[39m\n    Received: \u001b[31m105\u001b[39m\n\n    Expected precision:    1\n    Expected difference: < \u001b[32m0.05\u001b[39m\n    Received difference:   \u001b[31m3.989999999999995\u001b[39m\n\u001b[2m\u001b[22m\n\u001b[2m    \u001b[0m \u001b[90m 250 |\u001b[39m     expect(res\u001b[33m.\u001b[39mbody\u001b[33m.\u001b[39mseller\u001b[33m.\u001b[39mplatformFee)\u001b[33m.\u001b[39mtoBe(\u001b[35m8\u001b[39m)\u001b[33m;\u001b[39m\u001b[22m\n\u001b[2m     \u001b[90m 251 |\u001b[39m     expect(res\u001b[33m.\u001b[39mbody\u001b[33m.\u001b[39mseller\u001b[33m.\u001b[39msellerEarnings)\u001b[33m.\u001b[39mtoBe(\u001b[35m92\u001b[39m)\u001b[33m;\u001b[39m\u001b[22m\n\u001b[2m    \u001b[31m\u001b[1m>\u001b[22m\u001b[2m\u001b[39m\u001b[90m 252 |\u001b[39m     expect(res\u001b[33m.\u001b[39mbody\u001b[33m.\u001b[39mbuyer\u001b[33m.\u001b[39mtotalPaid)\u001b[33m.\u001b[39mtoBeCloseTo(\u001b[35m108.99\u001b[39m\u001b[33m,\u001b[39m \u001b[35m1\u001b[39m)\u001b[33m;\u001b[39m\u001b[22m\n\u001b[2m     \u001b[90m     |\u001b[39m                                      \u001b[31m\u001b[1m^\u001b[22m\u001b[2m\u001b[39m\u001b[22m\n\u001b[2m     \u001b[90m 253 |\u001b[39m   })\u001b[33m;\u001b[39m\u001b[22m\n\u001b[2m     \u001b[90m 254 |\u001b[39m\u001b[22m\n\u001b[2m     \u001b[90m 255 |\u001b[39m   test(\u001b[32m'9a. Boost fee is deducted from seller earnings'\u001b[39m\u001b[33m,\u001b[39m \u001b[36masync\u001b[39m () \u001b[33m=>\u001b[39m {\u001b[0m\u001b[22m\n\u001b[2m\u001b[22m\n\u001b[2m      \u001b[2mat Object.toBeCloseTo (\u001b[22m\u001b[2m\u001b[0m\u001b[36mtests/multiCurrencyPayout.test.js\u001b[39m\u001b[0m\u001b[2m:252:38)\u001b[22m\u001b[2m\u001b[22m\n\n\u001b[1m\u001b[31m  \u001b[1m● \u001b[22m\u001b[1mMulti-Currency Comprehensive Payout & Financial Tests › 9a. Boost fee is deducted from seller earnings\u001b[39m\u001b[22m\n\n    TypeError: Cannot read properties of undefined (reading '_id')\n\u001b[2m\u001b[22m\n\u001b[2m    \u001b[0m \u001b[90m 274 |\u001b[39m       \u001b[33m.\u001b[39mpost(\u001b[32m'/api/boost'\u001b[39m)\u001b[22m\n\u001b[2m     \u001b[90m 275 |\u001b[39m       \u001b[33m.\u001b[39m\u001b[36mset\u001b[39m(\u001b[32m'Authorization'\u001b[39m\u001b[33m,\u001b[39m \u001b[32m`Bearer ${sellerToken}`\u001b[39m)\u001b[22m\n\u001b[2m    \u001b[31m\u001b[1m>\u001b[22m\u001b[2m\u001b[39m\u001b[90m 276 |\u001b[39m       \u001b[33m.\u001b[39msend({ listingId\u001b[33m:\u001b[39m boostedListing\u001b[33m.\u001b[39m_id\u001b[33m,\u001b[39m tier\u001b[33m:\u001b[39m \u001b[32m'Standard'\u001b[39m\u001b[33m,\u001b[39m durationDays\u001b[33m:\u001b[39m \u001b[35m14\u001b[39m })\u001b[33m;\u001b[39m\u001b[22m\n\u001b[2m     \u001b[90m     |\u001b[39m                                         \u001b[31m\u001b[1m^\u001b[22m\u001b[2m\u001b[39m\u001b[22m\n\u001b[2m     \u001b[90m 277 |\u001b[39m     expect(boostRes\u001b[33m.\u001b[39mstatus)\u001b[33m.\u001b[39mtoBe(\u001b[35m200\u001b[39m)\u001b[33m;\u001b[39m\u001b[22m\n\u001b[2m     \u001b[90m 278 |\u001b[39m\u001b[22m\n\u001b[2m     \u001b[90m 279 |\u001b[39m     \u001b[36mconst\u001b[39m txnRes \u001b[33m=\u001b[39m \u001b[36mawait\u001b[39m request(app)\u001b[0m\u001b[22m\n\u001b[2m\u001b[22m\n\u001b[2m      \u001b[2mat Object._id (\u001b[22m\u001b[2m\u001b[0m\u001b[36mtests/multiCurrencyPayout.test.js\u001b[39m\u001b[0m\u001b[2m:276:41)\u001b[22m\u001b[2m\u001b[22m\n\n\u001b[1m\u001b[31m  \u001b[1m● \u001b[22m\u001b[1mMulti-Currency Comprehensive Payout & Financial Tests › 11a. Multi-seller batch: each seller gets correct portion\u001b[39m\u001b[22m\n\n    TypeError: Cannot read properties of undefined (reading '_id')\n\u001b[2m\u001b[22m\n\u001b[2m    \u001b[0m \u001b[90m 343 |\u001b[39m       \u001b[33m.\u001b[39mpost(\u001b[32m'/api/payments/create-intent'\u001b[39m)\u001b[22m\n\u001b[2m     \u001b[90m 344 |\u001b[39m       \u001b[33m.\u001b[39m\u001b[36mset\u001b[39m(\u001b[32m'Authorization'\u001b[39m\u001b[33m,\u001b[39m \u001b[32m`Bearer ${buyerToken}`\u001b[39m)\u001b[22m\n\u001b[2m    \u001b[31m\u001b[1m>\u001b[22m\u001b[2m\u001b[39m\u001b[90m 345 |\u001b[39m       \u001b[33m.\u001b[39msend({ items\u001b[33m:\u001b[39m [{ listingId\u001b[33m:\u001b[39m testListing\u001b[33m.\u001b[39m_id\u001b[33m,\u001b[39m quantity\u001b[33m:\u001b[39m \u001b[35m1\u001b[39m }\u001b[33m,\u001b[39m { listingId\u001b[33m:\u001b[39m listing2\u001b[33m.\u001b[39m_id\u001b[33m,\u001b[39m quantity\u001b[33m:\u001b[39m \u001b[35m1\u001b[39m }]\u001b[33m,\u001b[39m buyerCountry\u001b[33m:\u001b[39m \u001b[32m'US'\u001b[39m })\u001b[33m;\u001b[39m\u001b[22m\n\u001b[2m     \u001b[90m     |\u001b[39m                                                \u001b[31m\u001b[1m^\u001b[22m\u001b[2m\u001b[39m\u001b[22m\n\u001b[2m     \u001b[90m 346 |\u001b[39m     expect(intentRes\u001b[33m.\u001b[39mstatus)\u001b[33m.\u001b[39mtoBe(\u001b[35m200\u001b[39m)\u001b[33m;\u001b[39m\u001b[22m\n\u001b[2m     \u001b[90m 347 |\u001b[39m     expect(intentRes\u001b[33m.\u001b[39mbody\u001b[33m.\u001b[39mpaymentIntentId)\u001b[33m.\u001b[39mtoBeDefined()\u001b[33m;\u001b[39m\u001b[22m\n\u001b[2m     \u001b[90m 348 |\u001b[39m   })\u001b[33m;\u001b[39m\u001b[0m\u001b[22m\n\u001b[2m\u001b[22m\n\u001b[2m      \u001b[2mat Object._id (\u001b[22m\u001b[2m\u001b[0m\u001b[36mtests/multiCurrencyPayout.test.js\u001b[39m\u001b[0m\u001b[2m:345:48)\u001b[22m\u001b[2m\u001b[22m\n","name":"/Users/owner/Desktop/trend-drop/server/tests/multiCurrencyPayout.test.js","startTime":1782998549812,"status":"failed","summary":""},{"assertionResults":[{"ancestorTitles":["Draft Listing Tests"],"duration":547,"failing":false,"failureDetails":[{}],"failureMessages":["TypeError: Cannot read properties of undefined (reading 'status')\n    at Object.status (/Users/owner/Desktop/trend-drop/server/tests/draftListings.test.js:64:29)\n    at processTicksAndRejections (node:internal/process/task_queues:105:5)"],"fullName":"Draft Listing Tests 1. Create listing with status=draft","invocations":1,"location":null,"numPassingAsserts":1,"retryReasons":[],"startAt":1782998558976,"status":"failed","title":"1. Create listing with status=draft"},{"ancestorTitles":["Draft Listing Tests"],"duration":163,"failing":false,"failureDetails":[],"failureMessages":[],"fullName":"Draft Listing Tests 2. Draft listings hidden from public feed","invocations":1,"location":null,"numPassingAsserts":1,"retryReasons":[],"startAt":1782998559523,"status":"passed","title":"2. Draft listings hidden from public feed"},{"ancestorTitles":["Draft Listing Tests"],"duration":151,"failing":false,"failureDetails":[{"matcherResult":{"message":"\u001b[2mexpect(\u001b[22m\u001b[31mreceived\u001b[39m\u001b[2m).\u001b[22mtoBeUndefined\u001b[2m()\u001b[22m\n\nReceived: \u001b[31m{\"_id\": \"6a46661f5690f96391a9f3f3\", \"brand\": \"DraftBrand\", \"category\": \"Men\", \"condition\": \"New with tags\", \"createdAt\": \"2026-07-02T13:22:39.409Z\", \"images\": [], \"likes\": [], \"price\": 75, \"seller\": {\"_id\": \"6a46661d5690f96391a9f3c8\", \"avatar\": \"\", \"name\": \"Draft Seller\"}, \"size\": \"L\", \"sold\": false, \"title\": \"Draft Test Listing\", \"videoUrl\": \"\"}\u001b[39m","pass":false}}],"failureMessages":["Error: \u001b[2mexpect(\u001b[22m\u001b[31mreceived\u001b[39m\u001b[2m).\u001b[22mtoBeUndefined\u001b[2m()\u001b[22m\n\nReceived: \u001b[31m{\"_id\": \"6a46661f5690f96391a9f3f3\", \"brand\": \"DraftBrand\", \"category\": \"Men\", \"condition\": \"New with tags\", \"createdAt\": \"2026-07-02T13:22:39.409Z\", \"images\": [], \"likes\": [], \"price\": 75, \"seller\": {\"_id\": \"6a46661d5690f96391a9f3c8\", \"avatar\": \"\", \"name\": \"Draft Seller\"}, \"size\": \"L\", \"sold\": false, \"title\": \"Draft Test Listing\", \"videoUrl\": \"\"}\u001b[39m\n    at Object.toBeUndefined (/Users/owner/Desktop/trend-drop/server/tests/draftListings.test.js:79:19)\n    at processTicksAndRejections (node:internal/process/task_queues:105:5)"],"fullName":"Draft Listing Tests 3. Draft listings not returned in search results","invocations":1,"location":null,"numPassingAsserts":0,"retryReasons":[],"startAt":1782998559686,"status":"failed","title":"3. Draft listings not returned in search results"},{"ancestorTitles":["Draft Listing Tests"],"duration":295,"failing":false,"failureDetails":[],"failureMessages":[],"fullName":"Draft Listing Tests 4. Seller can see own draft listings","invocations":1,"location":null,"numPassingAsserts":3,"retryReasons":[],"startAt":1782998559837,"status":"passed","title":"4. Seller can see own draft listings"},{"ancestorTitles":["Draft Listing Tests"],"duration":306,"failing":false,"failureDetails":[{"matcherResult":{"actual":200,"expected":404,"message":"\u001b[2mexpect(\u001b[22m\u001b[31mreceived\u001b[39m\u001b[2m).\u001b[22mtoBe\u001b[2m(\u001b[22m\u001b[32mexpected\u001b[39m\u001b[2m) // Object.is equality\u001b[22m\n\nExpected: \u001b[32m404\u001b[39m\nReceived: \u001b[31m200\u001b[39m","name":"toBe","pass":false}}],"failureMessages":["Error: \u001b[2mexpect(\u001b[22m\u001b[31mreceived\u001b[39m\u001b[2m).\u001b[22mtoBe\u001b[2m(\u001b[22m\u001b[32mexpected\u001b[39m\u001b[2m) // Object.is equality\u001b[22m\n\nExpected: \u001b[32m404\u001b[39m\nReceived: \u001b[31m200\u001b[39m\n    at Object.toBe (/Users/owner/Desktop/trend-drop/server/tests/draftListings.test.js:100:28)\n    at processTicksAndRejections (node:internal/process/task_queues:105:5)"],"fullName":"Draft Listing Tests 5. Buyer cannot see draft listing by ID","invocations":1,"location":null,"numPassingAsserts":0,"retryReasons":[],"startAt":1782998560132,"status":"failed","title":"5. Buyer cannot see draft listing by ID"},{"ancestorTitles":["Draft Listing Tests"],"duration":169,"failing":false,"failureDetails":[{"matcherResult":{"actual":500,"expected":200,"message":"\u001b[2mexpect(\u001b[22m\u001b[31mreceived\u001b[39m\u001b[2m).\u001b[22mtoBe\u001b[2m(\u001b[22m\u001b[32mexpected\u001b[39m\u001b[2m) // Object.is equality\u001b[22m\n\nExpected: \u001b[32m200\u001b[39m\nReceived: \u001b[31m500\u001b[39m","name":"toBe","pass":false}}],"failureMessages":["Error: \u001b[2mexpect(\u001b[22m\u001b[31mreceived\u001b[39m\u001b[2m).\u001b[22mtoBe\u001b[2m(\u001b[22m\u001b[32mexpected\u001b[39m\u001b[2m) // Object.is equality\u001b[22m\n\nExpected: \u001b[32m200\u001b[39m\nReceived: \u001b[31m500\u001b[39m\n    at Object.toBe (/Users/owner/Desktop/trend-drop/server/tests/draftListings.test.js:111:28)\n    at processTicksAndRejections (node:internal/process/task_queues:105:5)"],"fullName":"Draft Listing Tests 6. Can publish draft listing (change status to active)","invocations":1,"location":null,"numPassingAsserts":0,"retryReasons":[],"startAt":1782998560438,"status":"failed","title":"6. Can publish draft listing (change status to active)"}],"endTime":1782998560732,"message":"\u001b[1m\u001b[31m  \u001b[1m● \u001b[22m\u001b[1mDraft Listing Tests › 1. Create listing with status=draft\u001b[39m\u001b[22m\n\n    TypeError: Cannot read properties of undefined (reading 'status')\n\u001b[2m\u001b[22m\n\u001b[2m    \u001b[0m \u001b[90m 62 |\u001b[39m       \u001b[33m.\u001b[39mfield(\u001b[32m'quantity'\u001b[39m\u001b[33m,\u001b[39m \u001b[35m1\u001b[39m)\u001b[33m;\u001b[39m\u001b[22m\n\u001b[2m     \u001b[90m 63 |\u001b[39m     expect(res\u001b[33m.\u001b[39mstatus)\u001b[33m.\u001b[39mtoBe(\u001b[35m201\u001b[39m)\u001b[33m;\u001b[39m\u001b[22m\n\u001b[2m    \u001b[31m\u001b[1m>\u001b[22m\u001b[2m\u001b[39m\u001b[90m 64 |\u001b[39m     expect(res\u001b[33m.\u001b[39mbody\u001b[33m.\u001b[39mlisting\u001b[33m.\u001b[39mstatus)\u001b[33m.\u001b[39mtoBe(\u001b[32m'draft'\u001b[39m)\u001b[33m;\u001b[39m\u001b[22m\n\u001b[2m     \u001b[90m    |\u001b[39m                             \u001b[31m\u001b[1m^\u001b[22m\u001b[2m\u001b[39m\u001b[22m\n\u001b[2m     \u001b[90m 65 |\u001b[39m     expect(res\u001b[33m.\u001b[39mbody\u001b[33m.\u001b[39mlisting\u001b[33m.\u001b[39mavailable)\u001b[33m.\u001b[39mtoBe(\u001b[36mfalse\u001b[39m)\u001b[33m;\u001b[39m\u001b[22m\n\u001b[2m     \u001b[90m 66 |\u001b[39m   })\u001b[33m;\u001b[39m\u001b[22m\n\u001b[2m     \u001b[90m 67 |\u001b[39m\u001b[0m\u001b[22m\n\u001b[2m\u001b[22m\n\u001b[2m      \u001b[2mat Object.status (\u001b[22m\u001b[2m\u001b[0m\u001b[36mtests/draftListings.test.js\u001b[39m\u001b[0m\u001b[2m:64:29)\u001b[22m\u001b[2m\u001b[22m\n\n\u001b[1m\u001b[31m  \u001b[1m● \u001b[22m\u001b[1mDraft Listing Tests › 3. Draft listings not returned in search results\u001b[39m\u001b[22m\n\n    \u001b[2mexpect(\u001b[22m\u001b[31mreceived\u001b[39m\u001b[2m).\u001b[22mtoBeUndefined\u001b[2m()\u001b[22m\n\n    Received: \u001b[31m{\"_id\": \"6a46661f5690f96391a9f3f3\", \"brand\": \"DraftBrand\", \"category\": \"Men\", \"condition\": \"New with tags\", \"createdAt\": \"2026-07-02T13:22:39.409Z\", \"images\": [], \"likes\": [], \"price\": 75, \"seller\": {\"_id\": \"6a46661d5690f96391a9f3c8\", \"avatar\": \"\", \"name\": \"Draft Seller\"}, \"size\": \"L\", \"sold\": false, \"title\": \"Draft Test Listing\", \"videoUrl\": \"\"}\u001b[39m\n\u001b[2m\u001b[22m\n\u001b[2m    \u001b[0m \u001b[90m 77 |\u001b[39m       \u001b[33m.\u001b[39mquery({ search\u001b[33m:\u001b[39m \u001b[32m'Draft Test Listing'\u001b[39m })\u001b[33m;\u001b[39m\u001b[22m\n\u001b[2m     \u001b[90m 78 |\u001b[39m     \u001b[36mconst\u001b[39m found \u001b[33m=\u001b[39m searchRes\u001b[33m.\u001b[39mbody\u001b[33m.\u001b[39mlistings\u001b[33m?\u001b[39m\u001b[33m.\u001b[39mfind(l \u001b[33m=>\u001b[39m l\u001b[33m.\u001b[39mtitle \u001b[33m===\u001b[39m \u001b[32m'Draft Test Listing'\u001b[39m)\u001b[33m;\u001b[39m\u001b[22m\n\u001b[2m    \u001b[31m\u001b[1m>\u001b[22m\u001b[2m\u001b[39m\u001b[90m 79 |\u001b[39m     expect(found)\u001b[33m.\u001b[39mtoBeUndefined()\u001b[33m;\u001b[39m\u001b[22m\n\u001b[2m     \u001b[90m    |\u001b[39m                   \u001b[31m\u001b[1m^\u001b[22m\u001b[2m\u001b[39m\u001b[22m\n\u001b[2m     \u001b[90m 80 |\u001b[39m   })\u001b[33m;\u001b[39m\u001b[22m\n\u001b[2m     \u001b[90m 81 |\u001b[39m\u001b[22m\n\u001b[2m     \u001b[90m 82 |\u001b[39m   test(\u001b[32m'4. Seller can see own draft listings'\u001b[39m\u001b[33m,\u001b[39m \u001b[36masync\u001b[39m () \u001b[33m=>\u001b[39m {\u001b[0m\u001b[22m\n\u001b[2m\u001b[22m\n\u001b[2m      \u001b[2mat Object.toBeUndefined (\u001b[22m\u001b[2m\u001b[0m\u001b[36mtests/draftListings.test.js\u001b[39m\u001b[0m\u001b[2m:79:19)\u001b[22m\u001b[2m\u001b[22m\n\n\u001b[1m\u001b[31m  \u001b[1m● \u001b[22m\u001b[1mDraft Listing Tests › 5. Buyer cannot see draft listing by ID\u001b[39m\u001b[22m\n\n    \u001b[2mexpect(\u001b[22m\u001b[31mreceived\u001b[39m\u001b[2m).\u001b[22mtoBe\u001b[2m(\u001b[22m\u001b[32mexpected\u001b[39m\u001b[2m) // Object.is equality\u001b[22m\n\n    Expected: \u001b[32m404\u001b[39m\n    Received: \u001b[31m200\u001b[39m\n\u001b[2m\u001b[22m\n\u001b[2m    \u001b[0m \u001b[90m  98 |\u001b[39m       \u001b[33m.\u001b[39m\u001b[36mset\u001b[39m(\u001b[32m'Authorization'\u001b[39m\u001b[33m,\u001b[39m \u001b[32m`Bearer ${buyerToken}`\u001b[39m)\u001b[33m;\u001b[39m\u001b[22m\n\u001b[2m     \u001b[90m  99 |\u001b[39m     \u001b[22m\n\u001b[2m    \u001b[31m\u001b[1m>\u001b[22m\u001b[2m\u001b[39m\u001b[90m 100 |\u001b[39m     expect(viewRes\u001b[33m.\u001b[39mstatus)\u001b[33m.\u001b[39mtoBe(\u001b[35m404\u001b[39m)\u001b[33m;\u001b[39m\u001b[22m\n\u001b[2m     \u001b[90m     |\u001b[39m                            \u001b[31m\u001b[1m^\u001b[22m\u001b[2m\u001b[39m\u001b[22m\n\u001b[2m     \u001b[90m 101 |\u001b[39m   })\u001b[33m;\u001b[39m\u001b[22m\n\u001b[2m     \u001b[90m 102 |\u001b[39m\u001b[22m\n\u001b[2m     \u001b[90m 103 |\u001b[39m   test(\u001b[32m'6. Can publish draft listing (change status to active)'\u001b[39m\u001b[33m,\u001b[39m \u001b[36masync\u001b[39m () \u001b[33m=>\u001b[39m {\u001b[0m\u001b[22m\n\u001b[2m\u001b[22m\n\u001b[2m      \u001b[2mat Object.toBe (\u001b[22m\u001b[2m\u001b[0m\u001b[36mtests/draftListings.test.js\u001b[39m\u001b[0m\u001b[2m:100:28)\u001b[22m\u001b[2m\u001b[22m\n\n\u001b[1m\u001b[31m  \u001b[1m● \u001b[22m\u001b[1mDraft Listing Tests › 6. Can publish draft listing (change status to active)\u001b[39m\u001b[22m\n\n    \u001b[2mexpect(\u001b[22m\u001b[31mreceived\u001b[39m\u001b[2m).\u001b[22mtoBe\u001b[2m(\u001b[22m\u001b[32mexpected\u001b[39m\u001b[2m) // Object.is equality\u001b[22m\n\n    Expected: \u001b[32m200\u001b[39m\n    Received: \u001b[31m500\u001b[39m\n\u001b[2m\u001b[22m\n\u001b[2m    \u001b[0m \u001b[90m 109 |\u001b[39m       \u001b[33m.\u001b[39mfield(\u001b[32m'status'\u001b[39m\u001b[33m,\u001b[39m \u001b[32m'active'\u001b[39m)\u001b[33m;\u001b[39m\u001b[22m\n\u001b[2m     \u001b[90m 110 |\u001b[39m     \u001b[22m\n\u001b[2m    \u001b[31m\u001b[1m>\u001b[22m\u001b[2m\u001b[39m\u001b[90m 111 |\u001b[39m     expect(editRes\u001b[33m.\u001b[39mstatus)\u001b[33m.\u001b[39mtoBe(\u001b[35m200\u001b[39m)\u001b[33m;\u001b[39m\u001b[22m\n\u001b[2m     \u001b[90m     |\u001b[39m                            \u001b[31m\u001b[1m^\u001b[22m\u001b[2m\u001b[39m\u001b[22m\n\u001b[2m     \u001b[90m 112 |\u001b[39m     expect(editRes\u001b[33m.\u001b[39mbody\u001b[33m.\u001b[39mlisting\u001b[33m.\u001b[39mstatus)\u001b[33m.\u001b[39mtoBe(\u001b[32m'active'\u001b[39m)\u001b[33m;\u001b[39m\u001b[22m\n\u001b[2m     \u001b[90m 113 |\u001b[39m     expect(editRes\u001b[33m.\u001b[39mbody\u001b[33m.\u001b[39mlisting\u001b[33m.\u001b[39mavailable)\u001b[33m.\u001b[39mtoBe(\u001b[36mtrue\u001b[39m)\u001b[33m;\u001b[39m\u001b[22m\n\u001b[2m     \u001b[90m 114 |\u001b[39m   })\u001b[33m;\u001b[39m\u001b[0m\u001b[22m\n\u001b[2m\u001b[22m\n\u001b[2m      \u001b[2mat Object.toBe (\u001b[22m\u001b[2m\u001b[0m\u001b[36mtests/draftListings.test.js\u001b[39m\u001b[0m\u001b[2m:111:28)\u001b[22m\u001b[2m\u001b[22m\n","name":"/Users/owner/Desktop/trend-drop/server/tests/draftListings.test.js","startTime":1782998557025,"status":"failed","summary":""},{"assertionResults":[{"ancestorTitles":["Listing Auto-Expiration Tests"],"duration":141,"failing":false,"failureDetails":[],"failureMessages":[],"fullName":"Listing Auto-Expiration Tests 1. Active listing without expiresAt stays active","invocations":1,"location":null,"numPassingAsserts":2,"retryReasons":[],"startAt":1782998562854,"status":"passed","title":"1. Active listing without expiresAt stays active"},{"ancestorTitles":["Listing Auto-Expiration Tests"],"duration":136,"failing":false,"failureDetails":[{}],"failureMessages":["Error: \u001b[2mexpect(\u001b[22m\u001b[31mreceived\u001b[39m\u001b[2m).\u001b[22mtoBeGreaterThanOrEqual\u001b[2m(\u001b[22m\u001b[32mexpected\u001b[39m\u001b[2m)\u001b[22m\n\n\u001b[1mMatcher error\u001b[22m: \u001b[31mreceived\u001b[39m value must be a number or bigint\n\nReceived has value: \u001b[31mundefined\u001b[39m\n    at Object.toBeGreaterThanOrEqual (/Users/owner/Desktop/trend-drop/server/tests/listingAutoExpiration.test.js:67:26)\n    at processTicksAndRejections (node:internal/process/task_queues:105:5)"],"fullName":"Listing Auto-Expiration Tests 2. expireListings expires listings past expiresAt","invocations":1,"location":null,"numPassingAsserts":0,"retryReasons":[],"startAt":1782998562995,"status":"failed","title":"2. expireListings expires listings past expiresAt"},{"ancestorTitles":["Listing Auto-Expiration Tests"],"duration":172,"failing":false,"failureDetails":[],"failureMessages":[],"fullName":"Listing Auto-Expiration Tests 3. Active listing with future expiresAt is NOT expired","invocations":1,"location":null,"numPassingAsserts":2,"retryReasons":[],"startAt":1782998563131,"status":"passed","title":"3. Active listing with future expiresAt is NOT expired"},{"ancestorTitles":["Listing Auto-Expiration Tests"],"duration":224,"failing":false,"failureDetails":[],"failureMessages":[],"fullName":"Listing Auto-Expiration Tests 4. Expired listings are hidden from public feed","invocations":1,"location":null,"numPassingAsserts":1,"retryReasons":[],"startAt":1782998563303,"status":"passed","title":"4. Expired listings are hidden from public feed"},{"ancestorTitles":["Listing Auto-Expiration Tests"],"duration":342,"failing":false,"failureDetails":[],"failureMessages":[],"fullName":"Listing Auto-Expiration Tests 5. Seller can see their own expired/draft listings","invocations":1,"location":null,"numPassingAsserts":2,"retryReasons":[],"startAt":1782998563527,"status":"passed","title":"5. Seller can see their own expired/draft listings"}],"endTime":1782998563985,"message":"\u001b[1m\u001b[31m  \u001b[1m● \u001b[22m\u001b[1mListing Auto-Expiration Tests › 2. expireListings expires listings past expiresAt\u001b[39m\u001b[22m\n\n    \u001b[2mexpect(\u001b[22m\u001b[31mreceived\u001b[39m\u001b[2m).\u001b[22mtoBeGreaterThanOrEqual\u001b[2m(\u001b[22m\u001b[32mexpected\u001b[39m\u001b[2m)\u001b[22m\n\n    \u001b[1mMatcher error\u001b[22m: \u001b[31mreceived\u001b[39m value must be a number or bigint\n\n    Received has value: \u001b[31mundefined\u001b[39m\n\u001b[2m\u001b[22m\n\u001b[2m    \u001b[0m \u001b[90m 65 |\u001b[39m\u001b[22m\n\u001b[2m     \u001b[90m 66 |\u001b[39m     \u001b[36mconst\u001b[39m expiredCount \u001b[33m=\u001b[39m \u001b[36mawait\u001b[39m expireListings()\u001b[33m;\u001b[39m\u001b[22m\n\u001b[2m    \u001b[31m\u001b[1m>\u001b[22m\u001b[2m\u001b[39m\u001b[90m 67 |\u001b[39m     expect(expiredCount)\u001b[33m.\u001b[39mtoBeGreaterThanOrEqual(\u001b[35m1\u001b[39m)\u001b[33m;\u001b[39m\u001b[22m\n\u001b[2m     \u001b[90m    |\u001b[39m                          \u001b[31m\u001b[1m^\u001b[22m\u001b[2m\u001b[39m\u001b[22m\n\u001b[2m     \u001b[90m 68 |\u001b[39m\u001b[22m\n\u001b[2m     \u001b[90m 69 |\u001b[39m     \u001b[36mconst\u001b[39m updated \u001b[33m=\u001b[39m \u001b[36mawait\u001b[39m \u001b[33mListing\u001b[39m\u001b[33m.\u001b[39mfindById(expiredListing\u001b[33m.\u001b[39m_id)\u001b[33m;\u001b[39m\u001b[22m\n\u001b[2m     \u001b[90m 70 |\u001b[39m     expect(updated\u001b[33m.\u001b[39mstatus)\u001b[33m.\u001b[39mtoBe(\u001b[32m'draft'\u001b[39m)\u001b[33m;\u001b[39m\u001b[0m\u001b[22m\n\u001b[2m\u001b[22m\n\u001b[2m      \u001b[2mat Object.toBeGreaterThanOrEqual (\u001b[22m\u001b[2m\u001b[0m\u001b[36mtests/listingAutoExpiration.test.js\u001b[39m\u001b[0m\u001b[2m:67:26)\u001b[22m\u001b[2m\u001b[22m\n","name":"/Users/owner/Desktop/trend-drop/server/tests/listingAutoExpiration.test.js","startTime":1782998560760,"status":"failed","summary":""},{"assertionResults":[{"ancestorTitles":["Concurrent Purchase Tests"],"duration":0,"failing":false,"failureDetails":[{"matcherResult":{"actual":400,"expected":201,"message":"\u001b[2mexpect(\u001b[22m\u001b[31mreceived\u001b[39m\u001b[2m).\u001b[22mtoBe\u001b[2m(\u001b[22m\u001b[32mexpected\u001b[39m\u001b[2m) // Object.is equality\u001b[22m\n\nExpected: \u001b[32m201\u001b[39m\nReceived: \u001b[31m400\u001b[39m","name":"toBe","pass":false}}],"failureMessages":["Error: \u001b[2mexpect(\u001b[22m\u001b[31mreceived\u001b[39m\u001b[2m).\u001b[22mtoBe\u001b[2m(\u001b[22m\u001b[32mexpected\u001b[39m\u001b[2m) // Object.is equality\u001b[22m\n\nExpected: \u001b[32m201\u001b[39m\nReceived: \u001b[31m400\u001b[39m\n    at Object.toBe (/Users/owner/Desktop/trend-drop/server/tests/concurrentPurchase.test.js:78:29)\n    at processTicksAndRejections (node:internal/process/task_queues:105:5)"],"fullName":"Concurrent Purchase Tests 1. Only one buyer can purchase a single-quantity item","invocations":1,"location":null,"numPassingAsserts":0,"retryReasons":[],"startAt":1782998566371,"status":"failed","title":"1. Only one buyer can purchase a single-quantity item"},{"ancestorTitles":["Concurrent Purchase Tests"],"duration":0,"failing":false,"failureDetails":[{"matcherResult":{"actual":400,"expected":201,"message":"\u001b[2mexpect(\u001b[22m\u001b[31mreceived\u001b[39m\u001b[2m).\u001b[22mtoBe\u001b[2m(\u001b[22m\u001b[32mexpected\u001b[39m\u001b[2m) // Object.is equality\u001b[22m\n\nExpected: \u001b[32m201\u001b[39m\nReceived: \u001b[31m400\u001b[39m","name":"toBe","pass":false}}],"failureMessages":["Error: \u001b[2mexpect(\u001b[22m\u001b[31mreceived\u001b[39m\u001b[2m).\u001b[22mtoBe\u001b[2m(\u001b[22m\u001b[32mexpected\u001b[39m\u001b[2m) // Object.is equality\u001b[22m\n\nExpected: \u001b[32m201\u001b[39m\nReceived: \u001b[31m400\u001b[39m\n    at Object.toBe (/Users/owner/Desktop/trend-drop/server/tests/concurrentPurchase.test.js:78:29)\n    at processTicksAndRejections (node:internal/process/task_queues:105:5)"],"fullName":"Concurrent Purchase Tests 2. Atomic inventory update prevents oversell","invocations":1,"location":null,"numPassingAsserts":0,"retryReasons":[],"startAt":1782998566372,"status":"failed","title":"2. Atomic inventory update prevents oversell"}],"endTime":1782998566547,"message":"\u001b[1m\u001b[31m  \u001b[1m● \u001b[22m\u001b[1mConcurrent Purchase Tests › 1. Only one buyer can purchase a single-quantity item\u001b[39m\u001b[22m\n\n    \u001b[2mexpect(\u001b[22m\u001b[31mreceived\u001b[39m\u001b[2m).\u001b[22mtoBe\u001b[2m(\u001b[22m\u001b[32mexpected\u001b[39m\u001b[2m) // Object.is equality\u001b[22m\n\n    Expected: \u001b[32m201\u001b[39m\n    Received: \u001b[31m400\u001b[39m\n\u001b[2m\u001b[22m\n\u001b[2m    \u001b[0m \u001b[90m 76 |\u001b[39m     \u001b[33m.\u001b[39mfield(\u001b[32m'weight'\u001b[39m\u001b[33m,\u001b[39m \u001b[35m0.5\u001b[39m)\u001b[22m\n\u001b[2m     \u001b[90m 77 |\u001b[39m     \u001b[33m.\u001b[39mfield(\u001b[32m'quantity'\u001b[39m\u001b[33m,\u001b[39m \u001b[35m1\u001b[39m)\u001b[33m;\u001b[39m\u001b[22m\n\u001b[2m    \u001b[31m\u001b[1m>\u001b[22m\u001b[2m\u001b[39m\u001b[90m 78 |\u001b[39m   expect(listingRes\u001b[33m.\u001b[39mstatus)\u001b[33m.\u001b[39mtoBe(\u001b[35m201\u001b[39m)\u001b[33m;\u001b[39m\u001b[22m\n\u001b[2m     \u001b[90m    |\u001b[39m                             \u001b[31m\u001b[1m^\u001b[22m\u001b[2m\u001b[39m\u001b[22m\n\u001b[2m     \u001b[90m 79 |\u001b[39m   listing \u001b[33m=\u001b[39m listingRes\u001b[33m.\u001b[39mbody\u001b[33m.\u001b[39mlisting\u001b[33m;\u001b[39m\u001b[22m\n\u001b[2m     \u001b[90m 80 |\u001b[39m })\u001b[33m;\u001b[39m\u001b[22m\n\u001b[2m     \u001b[90m 81 |\u001b[39m\u001b[0m\u001b[22m\n\u001b[2m\u001b[22m\n\u001b[2m      \u001b[2mat Object.toBe (\u001b[22m\u001b[2m\u001b[0m\u001b[36mtests/concurrentPurchase.test.js\u001b[39m\u001b[0m\u001b[2m:78:29)\u001b[22m\u001b[2m\u001b[22m\n\n\u001b[1m\u001b[31m  \u001b[1m● \u001b[22m\u001b[1mConcurrent Purchase Tests › 2. Atomic inventory update prevents oversell\u001b[39m\u001b[22m\n\n    \u001b[2mexpect(\u001b[22m\u001b[31mreceived\u001b[39m\u001b[2m).\u001b[22mtoBe\u001b[2m(\u001b[22m\u001b[32mexpected\u001b[39m\u001b[2m) // Object.is equality\u001b[22m\n\n    Expected: \u001b[32m201\u001b[39m\n    Received: \u001b[31m400\u001b[39m\n\u001b[2m\u001b[22m\n\u001b[2m    \u001b[0m \u001b[90m 76 |\u001b[39m     \u001b[33m.\u001b[39mfield(\u001b[32m'weight'\u001b[39m\u001b[33m,\u001b[39m \u001b[35m0.5\u001b[39m)\u001b[22m\n\u001b[2m     \u001b[90m 77 |\u001b[39m     \u001b[33m.\u001b[39mfield(\u001b[32m'quantity'\u001b[39m\u001b[33m,\u001b[39m \u001b[35m1\u001b[39m)\u001b[33m;\u001b[39m\u001b[22m\n\u001b[2m    \u001b[31m\u001b[1m>\u001b[22m\u001b[2m\u001b[39m\u001b[90m 78 |\u001b[39m   expect(listingRes\u001b[33m.\u001b[39mstatus)\u001b[33m.\u001b[39mtoBe(\u001b[35m201\u001b[39m)\u001b[33m;\u001b[39m\u001b[22m\n\u001b[2m     \u001b[90m    |\u001b[39m                             \u001b[31m\u001b[1m^\u001b[22m\u001b[2m\u001b[39m\u001b[22m\n\u001b[2m     \u001b[90m 79 |\u001b[39m   listing \u001b[33m=\u001b[39m listingRes\u001b[33m.\u001b[39mbody\u001b[33m.\u001b[39mlisting\u001b[33m;\u001b[39m\u001b[22m\n\u001b[2m     \u001b[90m 80 |\u001b[39m })\u001b[33m;\u001b[39m\u001b[22m\n\u001b[2m     \u001b[90m 81 |\u001b[39m\u001b[0m\u001b[22m\n\u001b[2m\u001b[22m\n\u001b[2m      \u001b[2mat Object.toBe (\u001b[22m\u001b[2m\u001b[0m\u001b[36mtests/concurrentPurchase.test.js\u001b[39m\u001b[0m\u001b[2m:78:29)\u001b[22m\u001b[2m\u001b[22m\n","name":"/Users/owner/Desktop/trend-drop/server/tests/concurrentPurchase.test.js","startTime":1782998563998,"status":"failed","summary":""},{"assertionResults":[{"ancestorTitles":["Seller Balance Ledger Tests"],"duration":103,"failing":false,"failureDetails":[{"matcherResult":{"actual":400,"expected":201,"message":"\u001b[2mexpect(\u001b[22m\u001b[31mreceived\u001b[39m\u001b[2m).\u001b[22mtoBe\u001b[2m(\u001b[22m\u001b[32mexpected\u001b[39m\u001b[2m) // Object.is equality\u001b[22m\n\nExpected: \u001b[32m201\u001b[39m\nReceived: \u001b[31m400\u001b[39m","name":"toBe","pass":false}}],"failureMessages":["Error: \u001b[2mexpect(\u001b[22m\u001b[31mreceived\u001b[39m\u001b[2m).\u001b[22mtoBe\u001b[2m(\u001b[22m\u001b[32mexpected\u001b[39m\u001b[2m) // Object.is equality\u001b[22m\n\nExpected: \u001b[32m201\u001b[39m\nReceived: \u001b[31m400\u001b[39m\n    at Object.toBe (/Users/owner/Desktop/trend-drop/server/tests/balanceLedger.test.js:71:31)\n    at processTicksAndRejections (node:internal/process/task_queues:105:5)"],"fullName":"Seller Balance Ledger Tests 1. Order placed → seller.balance.pending increases","invocations":1,"location":null,"numPassingAsserts":0,"retryReasons":[],"startAt":1782998568478,"status":"failed","title":"1. Order placed → seller.balance.pending increases"},{"ancestorTitles":["Seller Balance Ledger Tests"],"duration":55,"failing":false,"failureDetails":[{}],"failureMessages":["TypeError: Cannot read properties of undefined (reading '_id')\n    at Object._id (/Users/owner/Desktop/trend-drop/server/tests/balanceLedger.test.js:106:40)\n    at processTicksAndRejections (node:internal/process/task_queues:105:5)"],"fullName":"Seller Balance Ledger Tests 2. Cancelled order → pending balance decreases","invocations":1,"location":null,"numPassingAsserts":0,"retryReasons":[],"startAt":1782998568581,"status":"failed","title":"2. Cancelled order → pending balance decreases"},{"ancestorTitles":["Seller Balance Ledger Tests"],"duration":51,"failing":false,"failureDetails":[{}],"failureMessages":["TypeError: Cannot read properties of undefined (reading '_id')\n    at Object._id (/Users/owner/Desktop/trend-drop/server/tests/balanceLedger.test.js:126:60)\n    at processTicksAndRejections (node:internal/process/task_queues:105:5)"],"fullName":"Seller Balance Ledger Tests 3. Completed order → pending moves to available (minus 10% reserve)","invocations":1,"location":null,"numPassingAsserts":0,"retryReasons":[],"startAt":1782998568636,"status":"failed","title":"3. Completed order → pending moves to available (minus 10% reserve)"},{"ancestorTitles":["Seller Balance Ledger Tests"],"duration":107,"failing":false,"failureDetails":[{}],"failureMessages":["TypeError: Cannot read properties of undefined (reading '_id')\n    at Object._id (/Users/owner/Desktop/trend-drop/server/tests/balanceLedger.test.js:171:40)\n    at processTicksAndRejections (node:internal/process/task_queues:105:5)"],"fullName":"Seller Balance Ledger Tests 4. Returned order → seller earnings clawed back","invocations":1,"location":null,"numPassingAsserts":0,"retryReasons":[],"startAt":1782998568688,"status":"failed","title":"4. Returned order → seller earnings clawed back"},{"ancestorTitles":["Seller Balance Ledger Tests"],"duration":0,"failing":false,"failureDetails":[{}],"failureMessages":["TypeError: Cannot read properties of undefined (reading '_id')\n    at Object._id (/Users/owner/Desktop/trend-drop/server/tests/balanceLedger.test.js:207:81)\n    at Promise.finally.completed (/Users/owner/Desktop/trend-drop/server/node_modules/jest-circus/build/jestAdapterInit.js:1561:28)\n    at new Promise (<anonymous>)\n    at callAsyncCircusFn (/Users/owner/Desktop/trend-drop/server/node_modules/jest-circus/build/jestAdapterInit.js:1501:10)\n    at _callCircusTest (/Users/owner/Desktop/trend-drop/server/node_modules/jest-circus/build/jestAdapterInit.js:1011:40)\n    at processTicksAndRejections (node:internal/process/task_queues:105:5)\n    at _runTest (/Users/owner/Desktop/trend-drop/server/node_modules/jest-circus/build/jestAdapterInit.js:951:3)\n    at /Users/owner/Desktop/trend-drop/server/node_modules/jest-circus/build/jestAdapterInit.js:853:7\n    at _runTestsForDescribeBlock (/Users/owner/Desktop/trend-drop/server/node_modules/jest-circus/build/jestAdapterInit.js:866:11)\n    at _runTestsForDescribeBlock (/Users/owner/Desktop/trend-drop/server/node_modules/jest-circus/build/jestAdapterInit.js:861:11)\n    at run (/Users/owner/Desktop/trend-drop/server/node_modules/jest-circus/build/jestAdapterInit.js:765:3)\n    at runAndTransformResultsToJestFormat (/Users/owner/Desktop/trend-drop/server/node_modules/jest-circus/build/jestAdapterInit.js:1993:21)\n    at jestAdapter (/Users/owner/Desktop/trend-drop/server/node_modules/jest-circus/build/runner.js:111:19)\n    at runTestInternal (/Users/owner/Desktop/trend-drop/server/node_modules/jest-runner/build/testWorker.js:276:16)\n    at runTest (/Users/owner/Desktop/trend-drop/server/node_modules/jest-runner/build/testWorker.js:344:7)\n    at Object.worker (/Users/owner/Desktop/trend-drop/server/node_modules/jest-runner/build/testWorker.js:498:12)"],"fullName":"Seller Balance Ledger Tests 5. Payout record created on completion, not on return","invocations":1,"location":null,"numPassingAsserts":0,"retryReasons":[],"startAt":1782998568795,"status":"failed","title":"5. Payout record created on completion, not on return"}],"endTime":1782998569080,"message":"\u001b[1m\u001b[31m  \u001b[1m● \u001b[22m\u001b[1mSeller Balance Ledger Tests › 1. Order placed → seller.balance.pending increases\u001b[39m\u001b[22m\n\n    \u001b[2mexpect(\u001b[22m\u001b[31mreceived\u001b[39m\u001b[2m).\u001b[22mtoBe\u001b[2m(\u001b[22m\u001b[32mexpected\u001b[39m\u001b[2m) // Object.is equality\u001b[22m\n\n    Expected: \u001b[32m201\u001b[39m\n    Received: \u001b[31m400\u001b[39m\n\u001b[2m\u001b[22m\n\u001b[2m    \u001b[0m \u001b[90m 69 |\u001b[39m       \u001b[33m.\u001b[39mfield(\u001b[32m'weight'\u001b[39m\u001b[33m,\u001b[39m \u001b[35m0.5\u001b[39m)\u001b[22m\n\u001b[2m     \u001b[90m 70 |\u001b[39m       \u001b[33m.\u001b[39mfield(\u001b[32m'quantity'\u001b[39m\u001b[33m,\u001b[39m \u001b[35m5\u001b[39m)\u001b[33m;\u001b[39m\u001b[22m\n\u001b[2m    \u001b[31m\u001b[1m>\u001b[22m\u001b[2m\u001b[39m\u001b[90m 71 |\u001b[39m     expect(listingRes\u001b[33m.\u001b[39mstatus)\u001b[33m.\u001b[39mtoBe(\u001b[35m201\u001b[39m)\u001b[33m;\u001b[39m\u001b[22m\n\u001b[2m     \u001b[90m    |\u001b[39m                               \u001b[31m\u001b[1m^\u001b[22m\u001b[2m\u001b[39m\u001b[22m\n\u001b[2m     \u001b[90m 72 |\u001b[39m     testListing \u001b[33m=\u001b[39m listingRes\u001b[33m.\u001b[39mbody\u001b[33m.\u001b[39mlisting\u001b[33m;\u001b[39m\u001b[22m\n\u001b[2m     \u001b[90m 73 |\u001b[39m\u001b[22m\n\u001b[2m     \u001b[90m 74 |\u001b[39m     \u001b[36mconst\u001b[39m txnRes \u001b[33m=\u001b[39m \u001b[36mawait\u001b[39m request(app)\u001b[0m\u001b[22m\n\u001b[2m\u001b[22m\n\u001b[2m      \u001b[2mat Object.toBe (\u001b[22m\u001b[2m\u001b[0m\u001b[36mtests/balanceLedger.test.js\u001b[39m\u001b[0m\u001b[2m:71:31)\u001b[22m\u001b[2m\u001b[22m\n\n\u001b[1m\u001b[31m  \u001b[1m● \u001b[22m\u001b[1mSeller Balance Ledger Tests › 2. Cancelled order → pending balance decreases\u001b[39m\u001b[22m\n\n    TypeError: Cannot read properties of undefined (reading '_id')\n\u001b[2m\u001b[22m\n\u001b[2m    \u001b[0m \u001b[90m 104 |\u001b[39m       \u001b[33m.\u001b[39mpost(\u001b[32m'/api/transactions'\u001b[39m)\u001b[22m\n\u001b[2m     \u001b[90m 105 |\u001b[39m       \u001b[33m.\u001b[39m\u001b[36mset\u001b[39m(\u001b[32m'Authorization'\u001b[39m\u001b[33m,\u001b[39m \u001b[32m`Bearer ${buyerToken}`\u001b[39m)\u001b[22m\n\u001b[2m    \u001b[31m\u001b[1m>\u001b[22m\u001b[2m\u001b[39m\u001b[90m 106 |\u001b[39m       \u001b[33m.\u001b[39msend({ listingId\u001b[33m:\u001b[39m cancelListing\u001b[33m.\u001b[39m_id\u001b[33m,\u001b[39m buyerCountry\u001b[33m:\u001b[39m \u001b[32m'US'\u001b[39m })\u001b[33m;\u001b[39m\u001b[22m\n\u001b[2m     \u001b[90m     |\u001b[39m                                        \u001b[31m\u001b[1m^\u001b[22m\u001b[2m\u001b[39m\u001b[22m\n\u001b[2m     \u001b[90m 107 |\u001b[39m     \u001b[36mconst\u001b[39m cancelTxn \u001b[33m=\u001b[39m txnRes\u001b[33m.\u001b[39mbody\u001b[33m;\u001b[39m\u001b[22m\n\u001b[2m     \u001b[90m 108 |\u001b[39m\u001b[22m\n\u001b[2m     \u001b[90m 109 |\u001b[39m     \u001b[36mconst\u001b[39m pendingBefore \u001b[33m=\u001b[39m (\u001b[36mawait\u001b[39m \u001b[33mUser\u001b[39m\u001b[33m.\u001b[39mfindById(seller\u001b[33m.\u001b[39m_id))\u001b[33m.\u001b[39mbalance\u001b[33m.\u001b[39mpending\u001b[33m;\u001b[39m\u001b[0m\u001b[22m\n\u001b[2m\u001b[22m\n\u001b[2m      \u001b[2mat Object._id (\u001b[22m\u001b[2m\u001b[0m\u001b[36mtests/balanceLedger.test.js\u001b[39m\u001b[0m\u001b[2m:106:40)\u001b[22m\u001b[2m\u001b[22m\n\n\u001b[1m\u001b[31m  \u001b[1m● \u001b[22m\u001b[1mSeller Balance Ledger Tests › 3. Completed order → pending moves to available (minus 10% reserve)\u001b[39m\u001b[22m\n\n    TypeError: Cannot read properties of undefined (reading '_id')\n\u001b[2m\u001b[22m\n\u001b[2m    \u001b[0m \u001b[90m 124 |\u001b[39m     \u001b[36mconst\u001b[39m availableBefore \u001b[33m=\u001b[39m sellerBeforeComplete\u001b[33m.\u001b[39mbalance\u001b[33m.\u001b[39mavailable\u001b[33m;\u001b[39m\u001b[22m\n\u001b[2m     \u001b[90m 125 |\u001b[39m\u001b[22m\n\u001b[2m    \u001b[31m\u001b[1m>\u001b[22m\u001b[2m\u001b[39m\u001b[90m 126 |\u001b[39m     \u001b[36mconst\u001b[39m txn \u001b[33m=\u001b[39m \u001b[36mawait\u001b[39m \u001b[33mTransaction\u001b[39m\u001b[33m.\u001b[39mfindById(testTransaction\u001b[33m.\u001b[39m_id)\u001b[33m;\u001b[39m\u001b[22m\n\u001b[2m     \u001b[90m     |\u001b[39m                                                            \u001b[31m\u001b[1m^\u001b[22m\u001b[2m\u001b[39m\u001b[22m\n\u001b[2m     \u001b[90m 127 |\u001b[39m     txn\u001b[33m.\u001b[39mstatus \u001b[33m=\u001b[39m \u001b[32m'buyer_confirmed'\u001b[39m\u001b[33m;\u001b[39m\u001b[22m\n\u001b[2m     \u001b[90m 128 |\u001b[39m     txn\u001b[33m.\u001b[39mbuyerConfirmed \u001b[33m=\u001b[39m { received\u001b[33m:\u001b[39m \u001b[36mtrue\u001b[39m\u001b[33m,\u001b[39m confirmedAt\u001b[33m:\u001b[39m \u001b[36mnew\u001b[39m \u001b[33mDate\u001b[39m(\u001b[33mDate\u001b[39m\u001b[33m.\u001b[39mnow() \u001b[33m-\u001b[39m \u001b[35m4\u001b[39m \u001b[33m*\u001b[39m \u001b[35m24\u001b[39m \u001b[33m*\u001b[39m \u001b[35m60\u001b[39m \u001b[33m*\u001b[39m \u001b[35m60\u001b[39m \u001b[33m*\u001b[39m \u001b[35m1000\u001b[39m) }\u001b[33m;\u001b[39m\u001b[22m\n\u001b[2m     \u001b[90m 129 |\u001b[39m     txn\u001b[33m.\u001b[39mshipping \u001b[33m=\u001b[39m { \u001b[33m...\u001b[39mtxn\u001b[33m.\u001b[39mshipping\u001b[33m,\u001b[39m actualDelivery\u001b[33m:\u001b[39m \u001b[36mnew\u001b[39m \u001b[33mDate\u001b[39m(\u001b[33mDate\u001b[39m\u001b[33m.\u001b[39mnow() \u001b[33m-\u001b[39m \u001b[35m6\u001b[39m \u001b[33m*\u001b[39m \u001b[35m24\u001b[39m \u001b[33m*\u001b[39m \u001b[35m60\u001b[39m \u001b[33m*\u001b[39m \u001b[35m60\u001b[39m \u001b[33m*\u001b[39m \u001b[35m1000\u001b[39m) }\u001b[33m;\u001b[39m\u001b[0m\u001b[22m\n\u001b[2m\u001b[22m\n\u001b[2m      \u001b[2mat Object._id (\u001b[22m\u001b[2m\u001b[0m\u001b[36mtests/balanceLedger.test.js\u001b[39m\u001b[0m\u001b[2m:126:60)\u001b[22m\u001b[2m\u001b[22m\n\n\u001b[1m\u001b[31m  \u001b[1m● \u001b[22m\u001b[1mSeller Balance Ledger Tests › 4. Returned order → seller earnings clawed back\u001b[39m\u001b[22m\n\n    TypeError: Cannot read properties of undefined (reading '_id')\n\u001b[2m\u001b[22m\n\u001b[2m    \u001b[0m \u001b[90m 169 |\u001b[39m       \u001b[33m.\u001b[39mpost(\u001b[32m'/api/transactions'\u001b[39m)\u001b[22m\n\u001b[2m     \u001b[90m 170 |\u001b[39m       \u001b[33m.\u001b[39m\u001b[36mset\u001b[39m(\u001b[32m'Authorization'\u001b[39m\u001b[33m,\u001b[39m \u001b[32m`Bearer ${buyerToken}`\u001b[39m)\u001b[22m\n\u001b[2m    \u001b[31m\u001b[1m>\u001b[22m\u001b[2m\u001b[39m\u001b[90m 171 |\u001b[39m       \u001b[33m.\u001b[39msend({ listingId\u001b[33m:\u001b[39m returnListing\u001b[33m.\u001b[39m_id\u001b[33m,\u001b[39m buyerCountry\u001b[33m:\u001b[39m \u001b[32m'US'\u001b[39m })\u001b[33m;\u001b[39m\u001b[22m\n\u001b[2m     \u001b[90m     |\u001b[39m                                        \u001b[31m\u001b[1m^\u001b[22m\u001b[2m\u001b[39m\u001b[22m\n\u001b[2m     \u001b[90m 172 |\u001b[39m     \u001b[36mconst\u001b[39m returnTxn \u001b[33m=\u001b[39m txnRes\u001b[33m.\u001b[39mbody\u001b[33m;\u001b[39m\u001b[22m\n\u001b[2m     \u001b[90m 173 |\u001b[39m\u001b[22m\n\u001b[2m     \u001b[90m 174 |\u001b[39m     returnTxn\u001b[33m.\u001b[39mstatus \u001b[33m=\u001b[39m \u001b[32m'delivered'\u001b[39m\u001b[33m;\u001b[39m\u001b[0m\u001b[22m\n\u001b[2m\u001b[22m\n\u001b[2m      \u001b[2mat Object._id (\u001b[22m\u001b[2m\u001b[0m\u001b[36mtests/balanceLedger.test.js\u001b[39m\u001b[0m\u001b[2m:171:40)\u001b[22m\u001b[2m\u001b[22m\n\n\u001b[1m\u001b[31m  \u001b[1m● \u001b[22m\u001b[1mSeller Balance Ledger Tests › 5. Payout record created on completion, not on return\u001b[39m\u001b[22m\n\n    TypeError: Cannot read properties of undefined (reading '_id')\n\u001b[2m\u001b[22m\n\u001b[2m    \u001b[0m \u001b[90m 205 |\u001b[39m\u001b[22m\n\u001b[2m     \u001b[90m 206 |\u001b[39m   test(\u001b[32m'5. Payout record created on completion, not on return'\u001b[39m\u001b[33m,\u001b[39m \u001b[36masync\u001b[39m () \u001b[33m=>\u001b[39m {\u001b[22m\n\u001b[2m    \u001b[31m\u001b[1m>\u001b[22m\u001b[2m\u001b[39m\u001b[90m 207 |\u001b[39m     \u001b[36mconst\u001b[39m completedPayout \u001b[33m=\u001b[39m \u001b[36mawait\u001b[39m \u001b[33mPayout\u001b[39m\u001b[33m.\u001b[39mfindOne({ transaction\u001b[33m:\u001b[39m testTransaction\u001b[33m.\u001b[39m_id })\u001b[33m;\u001b[39m\u001b[22m\n\u001b[2m     \u001b[90m     |\u001b[39m                                                                                 \u001b[31m\u001b[1m^\u001b[22m\u001b[2m\u001b[39m\u001b[22m\n\u001b[2m     \u001b[90m 208 |\u001b[39m     expect(completedPayout)\u001b[33m.\u001b[39mtoBeDefined()\u001b[33m;\u001b[39m\u001b[22m\n\u001b[2m     \u001b[90m 209 |\u001b[39m     expect(completedPayout\u001b[33m.\u001b[39mstatus)\u001b[33m.\u001b[39mtoBe(\u001b[32m'completed'\u001b[39m)\u001b[33m;\u001b[39m\u001b[22m\n\u001b[2m     \u001b[90m 210 |\u001b[39m\u001b[0m\u001b[22m\n\u001b[2m\u001b[22m\n\u001b[2m      \u001b[2mat Object._id (\u001b[22m\u001b[2m\u001b[0m\u001b[36mtests/balanceLedger.test.js\u001b[39m\u001b[0m\u001b[2m:207:81)\u001b[22m\u001b[2m\u001b[22m\n","name":"/Users/owner/Desktop/trend-drop/server/tests/balanceLedger.test.js","startTime":1782998566565,"status":"failed","summary":""},{"assertionResults":[{"ancestorTitles":["Offer State Machine Validation"],"duration":379,"failing":false,"failureDetails":[],"failureMessages":[],"fullName":"Offer State Machine Validation SM.1 Buyer creates an offer (pending)","invocations":1,"location":null,"numPassingAsserts":4,"retryReasons":[],"startAt":1782998571394,"status":"passed","title":"SM.1 Buyer creates an offer (pending)"},{"ancestorTitles":["Offer State Machine Validation"],"duration":355,"failing":false,"failureDetails":[],"failureMessages":[],"fullName":"Offer State Machine Validation SM.2 Seller counters (pending → countered)","invocations":1,"location":null,"numPassingAsserts":3,"retryReasons":[],"startAt":1782998571773,"status":"passed","title":"SM.2 Seller counters (pending → countered)"},{"ancestorTitles":["Offer State Machine Validation"],"duration":97,"failing":false,"failureDetails":[],"failureMessages":[],"fullName":"Offer State Machine Validation SM.3 Seller cannot counter again (countered state is not counterable)","invocations":1,"location":null,"numPassingAsserts":2,"retryReasons":[],"startAt":1782998572128,"status":"passed","title":"SM.3 Seller cannot counter again (countered state is not counterable)"},{"ancestorTitles":["Offer State Machine Validation"],"duration":313,"failing":false,"failureDetails":[],"failureMessages":[],"fullName":"Offer State Machine Validation SM.4 Buyer counters (countered → buyer_countered) — must be between 80 and 90","invocations":1,"location":null,"numPassingAsserts":3,"retryReasons":[],"startAt":1782998572225,"status":"passed","title":"SM.4 Buyer counters (countered → buyer_countered) — must be between 80 and 90"},{"ancestorTitles":["Offer State Machine Validation"],"duration":99,"failing":false,"failureDetails":[],"failureMessages":[],"fullName":"Offer State Machine Validation SM.5 Buyer cannot counter again (buyer_countered state invalid for buyer-counter)","invocations":1,"location":null,"numPassingAsserts":2,"retryReasons":[],"startAt":1782998572538,"status":"passed","title":"SM.5 Buyer cannot counter again (buyer_countered state invalid for buyer-counter)"},{"ancestorTitles":["Offer State Machine Validation"],"duration":313,"failing":false,"failureDetails":[],"failureMessages":[],"fullName":"Offer State Machine Validation SM.6 Seller counters again (buyer_countered → countered) — multi-round works","invocations":1,"location":null,"numPassingAsserts":3,"retryReasons":[],"startAt":1782998572638,"status":"passed","title":"SM.6 Seller counters again (buyer_countered → countered) — multi-round works"},{"ancestorTitles":["Offer State Machine Validation"],"duration":311,"failing":false,"failureDetails":[],"failureMessages":[],"fullName":"Offer State Machine Validation SM.7 Buyer accepts counter (countered → accepted)","invocations":1,"location":null,"numPassingAsserts":3,"retryReasons":[],"startAt":1782998572951,"status":"passed","title":"SM.7 Buyer accepts counter (countered → accepted)"},{"ancestorTitles":["Offer State Machine Validation"],"duration":97,"failing":false,"failureDetails":[],"failureMessages":[],"fullName":"Offer State Machine Validation SM.8 Cannot accept counter on accepted offer","invocations":1,"location":null,"numPassingAsserts":1,"retryReasons":[],"startAt":1782998573262,"status":"passed","title":"SM.8 Cannot accept counter on accepted offer"},{"ancestorTitles":["Full Negotiation → Transaction Flow"],"duration":1326,"failing":false,"failureDetails":[],"failureMessages":[],"fullName":"Full Negotiation → Transaction Flow NT.1 Buyer creates offer, multi-round, seller accepts buyer counter","invocations":1,"location":null,"numPassingAsserts":4,"retryReasons":[],"startAt":1782998573359,"status":"passed","title":"NT.1 Buyer creates offer, multi-round, seller accepts buyer counter"},{"ancestorTitles":["Full Negotiation → Transaction Flow"],"duration":666,"failing":false,"failureDetails":[],"failureMessages":[],"fullName":"Full Negotiation → Transaction Flow NT.2 Buyer creates transaction from accepted offer at negotiated price","invocations":1,"location":null,"numPassingAsserts":8,"retryReasons":[],"startAt":1782998574685,"status":"passed","title":"NT.2 Buyer creates transaction from accepted offer at negotiated price"},{"ancestorTitles":["Single Acceptance Paths"],"duration":676,"failing":false,"failureDetails":[],"failureMessages":[],"fullName":"Single Acceptance Paths AP.1 Seller accepts original pending offer (pending → accepted)","invocations":1,"location":null,"numPassingAsserts":4,"retryReasons":[],"startAt":1782998575352,"status":"passed","title":"AP.1 Seller accepts original pending offer (pending → accepted)"},{"ancestorTitles":["Single Acceptance Paths"],"duration":1049,"failing":false,"failureDetails":[],"failureMessages":[],"fullName":"Single Acceptance Paths AP.2 Buyer accepts seller counter (countered → accepted)","invocations":1,"location":null,"numPassingAsserts":4,"retryReasons":[],"startAt":1782998576028,"status":"passed","title":"AP.2 Buyer accepts seller counter (countered → accepted)"},{"ancestorTitles":["Single Acceptance Paths"],"duration":643,"failing":false,"failureDetails":[],"failureMessages":[],"fullName":"Single Acceptance Paths AP.3 Seller declines pending offer","invocations":1,"location":null,"numPassingAsserts":3,"retryReasons":[],"startAt":1782998577077,"status":"passed","title":"AP.3 Seller declines pending offer"},{"ancestorTitles":["Single Acceptance Paths"],"duration":1337,"failing":false,"failureDetails":[],"failureMessages":[],"fullName":"Single Acceptance Paths AP.4 Seller declines buyer counter (buyer_countered → declined)","invocations":1,"location":null,"numPassingAsserts":5,"retryReasons":[],"startAt":1782998577720,"status":"passed","title":"AP.4 Seller declines buyer counter (buyer_countered → declined)"},{"ancestorTitles":["Invalid State Transitions"],"duration":830,"failing":false,"failureDetails":[],"failureMessages":[],"fullName":"Invalid State Transitions IT.1 Cannot accept a declined offer","invocations":1,"location":null,"numPassingAsserts":2,"retryReasons":[],"startAt":1782998579058,"status":"passed","title":"IT.1 Cannot accept a declined offer"},{"ancestorTitles":["Invalid State Transitions"],"duration":861,"failing":false,"failureDetails":[],"failureMessages":[],"fullName":"Invalid State Transitions IT.2 Cannot counter from accepted state","invocations":1,"location":null,"numPassingAsserts":2,"retryReasons":[],"startAt":1782998579888,"status":"passed","title":"IT.2 Cannot counter from accepted state"},{"ancestorTitles":["Invalid State Transitions"],"duration":565,"failing":false,"failureDetails":[],"failureMessages":[],"fullName":"Invalid State Transitions IT.3 Cannot accept-counter from pending state (only countered)","invocations":1,"location":null,"numPassingAsserts":2,"retryReasons":[],"startAt":1782998580750,"status":"passed","title":"IT.3 Cannot accept-counter from pending state (only countered)"},{"ancestorTitles":["Invalid State Transitions"],"duration":1556,"failing":false,"failureDetails":[],"failureMessages":[],"fullName":"Invalid State Transitions IT.4 Seller cannot accept from buyer_countered with wrong endpoint","invocations":1,"location":null,"numPassingAsserts":3,"retryReasons":[],"startAt":1782998581315,"status":"passed","title":"IT.4 Seller cannot accept from buyer_countered with wrong endpoint"},{"ancestorTitles":["Authorization & Edge Cases"],"duration":606,"failing":false,"failureDetails":[],"failureMessages":[],"fullName":"Authorization & Edge Cases AU.1 Buyer cannot accept their own offer (only seller can accept pending)","invocations":1,"location":null,"numPassingAsserts":2,"retryReasons":[],"startAt":1782998582871,"status":"passed","title":"AU.1 Buyer cannot accept their own offer (only seller can accept pending)"},{"ancestorTitles":["Authorization & Edge Cases"],"duration":568,"failing":false,"failureDetails":[],"failureMessages":[],"fullName":"Authorization & Edge Cases AU.2 Seller cannot counter as buyer","invocations":1,"location":null,"numPassingAsserts":2,"retryReasons":[],"startAt":1782998583477,"status":"passed","title":"AU.2 Seller cannot counter as buyer"},{"ancestorTitles":["Authorization & Edge Cases"],"duration":197,"failing":false,"failureDetails":[],"failureMessages":[],"fullName":"Authorization & Edge Cases AU.3 Cannot offer on own listing","invocations":1,"location":null,"numPassingAsserts":2,"retryReasons":[],"startAt":1782998584045,"status":"passed","title":"AU.3 Cannot offer on own listing"},{"ancestorTitles":["Authorization & Edge Cases"],"duration":619,"failing":false,"failureDetails":[],"failureMessages":[],"fullName":"Authorization & Edge Cases AU.4 Counter must be higher than previous","invocations":1,"location":null,"numPassingAsserts":2,"retryReasons":[],"startAt":1782998584242,"status":"passed","title":"AU.4 Counter must be higher than previous"},{"ancestorTitles":["Authorization & Edge Cases"],"duration":585,"failing":false,"failureDetails":[],"failureMessages":[],"fullName":"Authorization & Edge Cases AU.5 Invalid counter amount rejected","invocations":1,"location":null,"numPassingAsserts":2,"retryReasons":[],"startAt":1782998584861,"status":"passed","title":"AU.5 Invalid counter amount rejected"},{"ancestorTitles":["Currency Validation"],"duration":466,"failing":false,"failureDetails":[],"failureMessages":[],"fullName":"Currency Validation CV.1 Offer in matching currency succeeds","invocations":1,"location":null,"numPassingAsserts":2,"retryReasons":[],"startAt":1782998585497,"status":"passed","title":"CV.1 Offer in matching currency succeeds"},{"ancestorTitles":["Currency Validation"],"duration":251,"failing":false,"failureDetails":[],"failureMessages":[],"fullName":"Currency Validation CV.2 Offer with wrong currency rejected","invocations":1,"location":null,"numPassingAsserts":2,"retryReasons":[],"startAt":1782998585963,"status":"passed","title":"CV.2 Offer with wrong currency rejected"},{"ancestorTitles":["Currency Validation"],"duration":472,"failing":false,"failureDetails":[],"failureMessages":[],"fullName":"Currency Validation CV.3 Offer without currency defaults to listing currency","invocations":1,"location":null,"numPassingAsserts":2,"retryReasons":[],"startAt":1782998586214,"status":"passed","title":"CV.3 Offer without currency defaults to listing currency"},{"ancestorTitles":["Revenue Protection via Offers"],"duration":1677,"failing":false,"failureDetails":[],"failureMessages":[],"fullName":"Revenue Protection via Offers RP.1 Transaction via offer uses negotiated price in payment breakdown","invocations":1,"location":null,"numPassingAsserts":7,"retryReasons":[],"startAt":1782998586686,"status":"passed","title":"RP.1 Transaction via offer uses negotiated price in payment breakdown"}],"endTime":1782998588568,"message":"","name":"/Users/owner/Desktop/trend-drop/server/tests/offers.test.js","startTime":1782998569109,"status":"passed","summary":""},{"assertionResults":[{"ancestorTitles":["Boost Configuration"],"duration":5,"failing":false,"failureDetails":[],"failureMessages":[],"fullName":"Boost Configuration BC.1 Boost config has 3 tiers with correct percentages","invocations":1,"location":null,"numPassingAsserts":6,"retryReasons":[],"startAt":1782998554684,"status":"passed","title":"BC.1 Boost config has 3 tiers with correct percentages"},{"ancestorTitles":["Boost Configuration"],"duration":1,"failing":false,"failureDetails":[],"failureMessages":[],"fullName":"Boost Configuration BC.2 Each tier has correct priority scores","invocations":1,"location":null,"numPassingAsserts":3,"retryReasons":[],"startAt":1782998554689,"status":"passed","title":"BC.2 Each tier has correct priority s
[...]
re batch if listing does not exist"},{"ancestorTitles":["Batch Checkout: Payment + Order Creation","Idempotency"],"duration":199,"failing":false,"failureDetails":[],"failureMessages":[],"fullName":"Batch Checkout: Payment + Order Creation Idempotency rejects second order with same paymentIntentId","invocations":1,"location":null,"numPassingAsserts":3,"retryReasons":[],"startAt":1782998622769,"status":"passed","title":"rejects second order with same paymentIntentId"},{"ancestorTitles":["Batch Checkout: Payment + Order Creation","Payment breakdown accuracy"],"duration":1,"failing":false,"failureDetails":[],"failureMessages":[],"fullName":"Batch Checkout: Payment + Order Creation Payment breakdown accuracy 3-item batch: all breakdowns are mathematically correct","invocations":1,"location":null,"numPassingAsserts":12,"retryReasons":[],"startAt":1782998622969,"status":"passed","title":"3-item batch: all breakdowns are mathematically correct"},{"ancestorTitles":["Batch Checkout: Payment + Order Creation","Cancel payment"],"duration":53,"failing":false,"failureDetails":[],"failureMessages":[],"fullName":"Batch Checkout: Payment + Order Creation Cancel payment can release authorization if order abandoned","invocations":1,"location":null,"numPassingAsserts":2,"retryReasons":[],"startAt":1782998622970,"status":"passed","title":"can release authorization if order abandoned"}],"endTime":1782998623085,"message":"","name":"/Users/owner/Desktop/trend-drop/server/tests/batchCheckout.test.js","startTime":1782998617846,"status":"passed","summary":""},{"assertionResults":[{"ancestorTitles":["Saved Search CRUD"],"duration":814,"failing":false,"failureDetails":[],"failureMessages":[],"fullName":"Saved Search CRUD SS.1 Create saved search","invocations":1,"location":null,"numPassingAsserts":2,"retryReasons":[],"startAt":1782998621113,"status":"passed","title":"SS.1 Create saved search"},{"ancestorTitles":["Saved Search CRUD"],"duration":104,"failing":false,"failureDetails":[],"failureMessages":[],"fullName":"Saved Search CRUD SS.2 List saved searches","invocations":1,"location":null,"numPassingAsserts":3,"retryReasons":[],"startAt":1782998621928,"status":"passed","title":"SS.2 List saved searches"},{"ancestorTitles":["Saved Search CRUD"],"duration":203,"failing":false,"failureDetails":[],"failureMessages":[],"fullName":"Saved Search CRUD SS.3 Get saved search results","invocations":1,"location":null,"numPassingAsserts":1,"retryReasons":[],"startAt":1782998622032,"status":"passed","title":"SS.3 Get saved search results"},{"ancestorTitles":["Saved Search CRUD"],"duration":107,"failing":false,"failureDetails":[],"failureMessages":[],"fullName":"Saved Search CRUD SS.4 Update saved search","invocations":1,"location":null,"numPassingAsserts":3,"retryReasons":[],"startAt":1782998622235,"status":"passed","title":"SS.4 Update saved search"},{"ancestorTitles":["Saved Search CRUD"],"duration":350,"failing":false,"failureDetails":[],"failureMessages":[],"fullName":"Saved Search CRUD SS.5 Delete saved search","invocations":1,"location":null,"numPassingAsserts":1,"retryReasons":[],"startAt":1782998622342,"status":"passed","title":"SS.5 Delete saved search"},{"ancestorTitles":["Saved Search Authorization"],"duration":3,"failing":false,"failureDetails":[],"failureMessages":[],"fullName":"Saved Search Authorization SS.6 Unauthenticated cannot create","invocations":1,"location":null,"numPassingAsserts":1,"retryReasons":[],"startAt":1782998622692,"status":"passed","title":"SS.6 Unauthenticated cannot create"},{"ancestorTitles":["Saved Search Authorization"],"duration":414,"failing":false,"failureDetails":[],"failureMessages":[],"fullName":"Saved Search Authorization SS.7 Cannot access another user's searches","invocations":1,"location":null,"numPassingAsserts":1,"retryReasons":[],"startAt":1782998622695,"status":"passed","title":"SS.7 Cannot access another user's searches"}],"endTime":1782998623226,"message":"","name":"/Users/owner/Desktop/trend-drop/server/tests/savedSearch.test.js","startTime":1782998619188,"status":"passed","summary":""},{"assertionResults":[{"ancestorTitles":["Free Shipping Test"],"duration":1050,"failing":false,"failureDetails":[],"failureMessages":[],"fullName":"Free Shipping Test FS.1 Shipping cost and payout are zero when freeShipping flag is true","invocations":1,"location":null,"numPassingAsserts":3,"retryReasons":[],"startAt":1782998626027,"status":"passed","title":"FS.1 Shipping cost and payout are zero when freeShipping flag is true"}],"endTime":1782998627136,"message":"","name":"/Users/owner/Desktop/trend-drop/server/tests/freeShipping.test.js","startTime":1782998623236,"status":"passed","summary":""},{"assertionResults":[{"ancestorTitles":["Settings: Social Links & Store Customization"],"duration":906,"failing":false,"failureDetails":[],"failureMessages":[],"fullName":"Settings: Social Links & Store Customization SS.1 GET /api/auth/me returns new fields","invocations":1,"location":null,"numPassingAsserts":4,"retryReasons":[],"startAt":1782998625034,"status":"passed","title":"SS.1 GET /api/auth/me returns new fields"},{"ancestorTitles":["Settings: Social Links & Store Customization"],"duration":189,"failing":false,"failureDetails":[],"failureMessages":[],"fullName":"Settings: Social Links & Store Customization SS.2 PUT /api/auth/profile updates socialLinks","invocations":1,"location":null,"numPassingAsserts":3,"retryReasons":[],"startAt":1782998625941,"status":"passed","title":"SS.2 PUT /api/auth/profile updates socialLinks"},{"ancestorTitles":["Settings: Social Links & Store Customization"],"duration":153,"failing":false,"failureDetails":[],"failureMessages":[],"fullName":"Settings: Social Links & Store Customization SS.3 PUT /api/auth/profile updates store fields","invocations":1,"location":null,"numPassingAsserts":3,"retryReasons":[],"startAt":1782998626130,"status":"passed","title":"SS.3 PUT /api/auth/profile updates store fields"},{"ancestorTitles":["Settings: Social Links & Store Customization"],"duration":712,"failing":false,"failureDetails":[],"failureMessages":[],"fullName":"Settings: Social Links & Store Customization SS.4 PUT /api/auth/profile updates isVerified","invocations":1,"location":null,"numPassingAsserts":2,"retryReasons":[],"startAt":1782998626283,"status":"passed","title":"SS.4 PUT /api/auth/profile updates isVerified"},{"ancestorTitles":["Settings: Social Links & Store Customization"],"duration":103,"failing":false,"failureDetails":[],"failureMessages":[],"fullName":"Settings: Social Links & Store Customization SS.5 Social links persist across fetches","invocations":1,"location":null,"numPassingAsserts":4,"retryReasons":[],"startAt":1782998626995,"status":"passed","title":"SS.5 Social links persist across fetches"},{"ancestorTitles":["Settings: Social Links & Store Customization"],"duration":150,"failing":false,"failureDetails":[],"failureMessages":[],"fullName":"Settings: Social Links & Store Customization SS.6 Partial socialLinks update works","invocations":1,"location":null,"numPassingAsserts":3,"retryReasons":[],"startAt":1782998627098,"status":"passed","title":"SS.6 Partial socialLinks update works"},{"ancestorTitles":["Settings: Social Links & Store Customization"],"duration":288,"failing":false,"failureDetails":[],"failureMessages":[],"fullName":"Settings: Social Links & Store Customization SS.7 Store fields default to empty strings for new users","invocations":1,"location":null,"numPassingAsserts":4,"retryReasons":[],"startAt":1782998627248,"status":"passed","title":"SS.7 Store fields default to empty strings for new users"},{"ancestorTitles":["Settings: Social Links & Store Customization"],"duration":4,"failing":false,"failureDetails":[],"failureMessages":[],"fullName":"Settings: Social Links & Store Customization SS.8 Unauthorized update fails","invocations":1,"location":null,"numPassingAsserts":1,"retryReasons":[],"startAt":1782998627536,"status":"passed","title":"SS.8 Unauthorized update fails"}],"endTime":1782998627603,"message":"","name":"/Users/owner/Desktop/trend-drop/server/tests/settingsSocialStore.test.js","startTime":1782998623097,"status":"passed","summary":""},{"assertionResults":[{"ancestorTitles":["Bundle Discounts (Section 28a)"],"duration":119,"failing":false,"failureDetails":[],"failureMessages":[],"fullName":"Bundle Discounts (Section 28a) BD.1 Create bundle rule","invocations":1,"location":null,"numPassingAsserts":4,"retryReasons":[],"startAt":1782998625865,"status":"passed","title":"BD.1 Create bundle rule"},{"ancestorTitles":["Bundle Discounts (Section 28a)"],"duration":100,"failing":false,"failureDetails":[],"failureMessages":[],"fullName":"Bundle Discounts (Section 28a) BD.2 List seller bundle rules","invocations":1,"location":null,"numPassingAsserts":3,"retryReasons":[],"startAt":1782998625984,"status":"passed","title":"BD.2 List seller bundle rules"},{"ancestorTitles":["Bundle Discounts (Section 28a)"],"duration":157,"failing":false,"failureDetails":[],"failureMessages":[],"fullName":"Bundle Discounts (Section 28a) BD.3 Update bundle rule","invocations":1,"location":null,"numPassingAsserts":3,"retryReasons":[],"startAt":1782998626084,"status":"passed","title":"BD.3 Update bundle rule"},{"ancestorTitles":["Bundle Discounts (Section 28a)"],"duration":848,"failing":false,"failureDetails":[],"failureMessages":[],"fullName":"Bundle Discounts (Section 28a) BD.4 Delete bundle rule","invocations":1,"location":null,"numPassingAsserts":2,"retryReasons":[],"startAt":1782998626241,"status":"passed","title":"BD.4 Delete bundle rule"},{"ancestorTitles":["Bundle Discounts (Section 28a)"],"duration":144,"failing":false,"failureDetails":[],"failureMessages":[],"fullName":"Bundle Discounts (Section 28a) BD.5 Apply bundle discount - no eligible items","invocations":1,"location":null,"numPassingAsserts":2,"retryReasons":[],"startAt":1782998627089,"status":"passed","title":"BD.5 Apply bundle discount - no eligible items"},{"ancestorTitles":["Bundle Discounts (Section 28a)"],"duration":154,"failing":false,"failureDetails":[],"failureMessages":[],"fullName":"Bundle Discounts (Section 28a) BD.6 Apply bundle discount - eligible items","invocations":1,"location":null,"numPassingAsserts":2,"retryReasons":[],"startAt":1782998627233,"status":"passed","title":"BD.6 Apply bundle discount - eligible items"},{"ancestorTitles":["Bundle Discounts (Section 28a)"],"duration":8,"failing":false,"failureDetails":[],"failureMessages":[],"fullName":"Bundle Discounts (Section 28a) BD.7 Unauthorized access","invocations":1,"location":null,"numPassingAsserts":1,"retryReasons":[],"startAt":1782998627387,"status":"passed","title":"BD.7 Unauthorized access"},{"ancestorTitles":["Bundle Discounts (Section 28a)"],"duration":95,"failing":false,"failureDetails":[],"failureMessages":[],"fullName":"Bundle Discounts (Section 28a) BD.8 Update other seller rule fails","invocations":1,"location":null,"numPassingAsserts":1,"retryReasons":[],"startAt":1782998627395,"status":"passed","title":"BD.8 Update other seller rule fails"},{"ancestorTitles":["Bundle Discounts (Section 28a)"],"duration":57,"failing":false,"failureDetails":[],"failureMessages":[],"fullName":"Bundle Discounts (Section 28a) BD.9 Create bundle requires name and discount","invocations":1,"location":null,"numPassingAsserts":1,"retryReasons":[],"startAt":1782998627490,"status":"passed","title":"BD.9 Create bundle requires name and discount"}],"endTime":1782998627715,"message":"","name":"/Users/owner/Desktop/trend-drop/server/tests/bundleDiscounts.test.js","startTime":1782998623005,"status":"passed","summary":""},{"assertionResults":[{"ancestorTitles":["Notifications"],"duration":223,"failing":false,"failureDetails":[],"failureMessages":[],"fullName":"Notifications NOT.1 List notifications","invocations":1,"location":null,"numPassingAsserts":2,"retryReasons":[],"startAt":1782998630221,"status":"passed","title":"NOT.1 List notifications"},{"ancestorTitles":["Notifications"],"duration":154,"failing":false,"failureDetails":[],"failureMessages":[],"fullName":"Notifications NOT.2 Mark all notifications as read","invocations":1,"location":null,"numPassingAsserts":1,"retryReasons":[],"startAt":1782998630444,"status":"passed","title":"NOT.2 Mark all notifications as read"},{"ancestorTitles":["Notifications"],"duration":52,"failing":false,"failureDetails":[],"failureMessages":[],"fullName":"Notifications NOT.3 Unauthorized cannot access other user notifications","invocations":1,"location":null,"numPassingAsserts":1,"retryReasons":[],"startAt":1782998630598,"status":"passed","title":"NOT.3 Unauthorized cannot access other user notifications"},{"ancestorTitles":["Notifications"],"duration":920,"failing":false,"failureDetails":[],"failureMessages":[],"fullName":"Notifications NOT.4 Notifications created on like","invocations":1,"location":null,"numPassingAsserts":2,"retryReasons":[],"startAt":1782998630650,"status":"passed","title":"NOT.4 Notifications created on like"}],"endTime":1782998631633,"message":"","name":"/Users/owner/Desktop/trend-drop/server/tests/notifications.test.js","startTime":1782998627615,"status":"passed","summary":""},{"assertionResults":[{"ancestorTitles":["Social Sharing"],"duration":1651,"failing":false,"failureDetails":[],"failureMessages":[],"fullName":"Social Sharing SOC.1 Share listing increments share count","invocations":1,"location":null,"numPassingAsserts":2,"retryReasons":[],"startAt":1782998629592,"status":"passed","title":"SOC.1 Share listing increments share count"},{"ancestorTitles":["Social Sharing"],"duration":325,"failing":false,"failureDetails":[],"failureMessages":[],"fullName":"Social Sharing SOC.2 Duplicate share does not double-count","invocations":1,"location":null,"numPassingAsserts":1,"retryReasons":[],"startAt":1782998631243,"status":"passed","title":"SOC.2 Duplicate share does not double-count"},{"ancestorTitles":["Social Sharing"],"duration":60,"failing":false,"failureDetails":[],"failureMessages":[],"fullName":"Social Sharing SOC.3 Unauthenticated cannot share","invocations":1,"location":null,"numPassingAsserts":1,"retryReasons":[],"startAt":1782998631568,"status":"passed","title":"SOC.3 Unauthenticated cannot share"}],"endTime":1782998631745,"message":"","name":"/Users/owner/Desktop/trend-drop/server/tests/social.test.js","startTime":1782998627731,"status":"passed","summary":""},{"assertionResults":[{"ancestorTitles":["Messages"],"duration":280,"failing":false,"failureDetails":[],"failureMessages":[],"fullName":"Messages MSG.1 Buyer can start conversation with seller about listing","invocations":1,"location":null,"numPassingAsserts":2,"retryReasons":[],"startAt":1782998630320,"status":"passed","title":"MSG.1 Buyer can start conversation with seller about listing"},{"ancestorTitles":["Messages"],"duration":592,"failing":false,"failureDetails":[],"failureMessages":[],"fullName":"Messages MSG.2 Cannot message self","invocations":1,"location":null,"numPassingAsserts":2,"retryReasons":[],"startAt":1782998630601,"status":"passed","title":"MSG.2 Cannot message self"},{"ancestorTitles":["Messages"],"duration":2,"failing":false,"failureDetails":[],"failureMessages":[],"fullName":"Messages MSG.3 Unauthenticated cannot send messages","invocations":1,"location":null,"numPassingAsserts":1,"retryReasons":[],"startAt":1782998631193,"status":"passed","title":"MSG.3 Unauthenticated cannot send messages"},{"ancestorTitles":["Messages"],"duration":158,"failing":false,"failureDetails":[],"failureMessages":[],"fullName":"Messages MSG.4 Get conversations list","invocations":1,"location":null,"numPassingAsserts":2,"retryReasons":[],"startAt":1782998631195,"status":"passed","title":"MSG.4 Get conversations list"},{"ancestorTitles":["Messages"],"duration":310,"failing":false,"failureDetails":[],"failureMessages":[],"fullName":"Messages MSG.5 Mark conversation as read","invocations":1,"location":null,"numPassingAsserts":1,"retryReasons":[],"startAt":1782998631353,"status":"passed","title":"MSG.5 Mark conversation as read"}],"endTime":1782998631822,"message":"","name":"/Users/owner/Desktop/trend-drop/server/tests/messageCompliance.test.js","startTime":1782998627147,"status":"passed","summary":""},{"assertionResults":[{"ancestorTitles":["Price History"],"duration":466,"failing":false,"failureDetails":[],"failureMessages":[],"fullName":"Price History PRICE.1 Track price change","invocations":1,"location":null,"numPassingAsserts":1,"retryReasons":[],"startAt":1782998633414,"status":"passed","title":"PRICE.1 Track price change"},{"ancestorTitles":["Price History"],"duration":81,"failing":false,"failureDetails":[],"failureMessages":[],"fullName":"Price History PRICE.2 Get price history for listing","invocations":1,"location":null,"numPassingAsserts":2,"retryReasons":[],"startAt":1782998633880,"status":"passed","title":"PRICE.2 Get price history for listing"}],"endTime":1782998634660,"message":"","name":"/Users/owner/Desktop/trend-drop/server/tests/priceHistory.test.js","startTime":1782998631755,"status":"passed","summary":""},{"assertionResults":[{"ancestorTitles":["GET /api/listings/search"],"duration":229,"failing":false,"failureDetails":[],"failureMessages":[],"fullName":"GET /api/listings/search returns 200 and a listings array for a matching query","invocations":1,"location":null,"numPassingAsserts":4,"retryReasons":[],"startAt":1782998634883,"status":"passed","title":"returns 200 and a listings array for a matching query"}],"endTime":1782998635113,"message":"","name":"/Users/owner/Desktop/trend-drop/server/tests/searchRoute.test.js","startTime":1782998631834,"status":"passed","summary":""},{"assertionResults":[{"ancestorTitles":["User Profile"],"duration":1337,"failing":false,"failureDetails":[],"failureMessages":[],"fullName":"User Profile PROF.1 Update profile fields","invocations":1,"location":null,"numPassingAsserts":3,"retryReasons":[],"startAt":1782998633623,"status":"passed","title":"PROF.1 Update profile fields"},{"ancestorTitles":["User Profile"],"duration":106,"failing":false,"failureDetails":[],"failureMessages":[],"fullName":"User Profile PROF.2 Get current user","invocations":1,"location":null,"numPassingAsserts":2,"retryReasons":[],"startAt":1782998634961,"status":"passed","title":"PROF.2 Get current user"},{"ancestorTitles":["User Profile"],"duration":3,"failing":false,"failureDetails":[],"failureMessages":[],"fullName":"User Profile PROF.3 Unauthenticated cannot access /me","invocations":1,"location":null,"numPassingAsserts":1,"retryReasons":[],"startAt":1782998635067,"status":"passed","title":"PROF.3 Unauthenticated cannot access /me"},{"ancestorTitles":["User Profile"],"duration":151,"failing":false,"failureDetails":[],"failureMessages":[],"fullName":"User Profile PROF.4 Profile endpoint accepts allowed fields only","invocations":1,"location":null,"numPassingAsserts":2,"retryReasons":[],"startAt":1782998635070,"status":"passed","title":"PROF.4 Profile endpoint accepts allowed fields only"}],"endTime":1782998635283,"message":"","name":"/Users/owner/Desktop/trend-drop/server/tests/userProfile.test.js","startTime":1782998631644,"status":"passed","summary":""},{"assertionResults":[{"ancestorTitles":["Image Upload Constraints"],"duration":223,"failing":false,"failureDetails":[],"failureMessages":[],"fullName":"Image Upload Constraints Reject more than 10 images","invocations":1,"location":null,"numPassingAsserts":1,"retryReasons":[],"startAt":1782998636118,"status":"passed","title":"Reject more than 10 images"},{"ancestorTitles":["Image Upload Constraints"],"duration":171,"failing":false,"failureDetails":[],"failureMessages":[],"fullName":"Image Upload Constraints Reject file larger than 2MB","invocations":1,"location":null,"numPassingAsserts":1,"retryReasons":[],"startAt":1782998636341,"status":"passed","title":"Reject file larger than 2MB"}],"endTime":1782998636513,"message":"","name":"/Users/owner/Desktop/trend-drop/server/tests/imageUpload.test.js","startTime":1782998634669,"status":"passed","summary":""}],"wasInterrupted":false}
